#
# There is insufficient memory for the Java Runtime Environment to continue.
# Native memory allocation (malloc) failed to allocate 1249776 bytes for Chunk::new
# Possible reasons:
#   The system is out of physical RAM or swap space
#   The process is running with CompressedOops enabled, and the Java Heap may be blocking the growth of the native heap
# Possible solutions:
#   Reduce memory load on the system
#   Increase physical memory or swap space
#   Check if swap backing store is full
#   Decrease Java heap size (-Xmx/-Xms)
#   Decrease number of Java threads
#   Decrease Java thread stack sizes (-Xss)
#   Set larger code cache with -XX:ReservedCodeCacheSize=
#   JVM is running with Unscaled Compressed Oops mode in which the Java heap is
#     placed in the first 4GB address space. The Java Heap base address is the
#     maximum limit for the native heap growth. Please use -XX:HeapBaseMinAddress
#     to set the Java Heap base and to place the Java Heap above 4GB virtual address.
# This output file may be truncated or incomplete.
#
#  Out of Memory Error (allocation.cpp:389), pid=7552, tid=0x0000000000001590
#
# JRE version: OpenJDK Runtime Environment (8.0_242-b01) (build 1.8.0_242-release-1644-b01)
# Java VM: OpenJDK 64-Bit Server VM (25.242-b01 mixed mode windows-amd64 compressed oops)
# Failed to write core dump. Minidumps are not enabled by default on client versions of Windows
#

---------------  T H R E A D  ---------------

Current thread (0x0000000017ee8000):  JavaThread "C2 CompilerThread0" daemon [_thread_in_native, id=5520, stack(0x0000000019540000,0x0000000019640000)]

Stack: [0x0000000019540000,0x0000000019640000]
[error occurred during error reporting (printing stack bounds), id 0xc0000005]

Native frames: (J=compiled Java code, j=interpreted, Vv=VM code, C=native code)


Current CompileTask:
C2: 116872 8528       4       com.sun.tools.javac.code.Types::union (166 bytes)


---------------  P R O C E S S  ---------------

Java Threads: ( => current thread )
  0x000000001f49e000 JavaThread "Cache worker for Java compile cache (C:\Users\Home\AndroidStudioProjects\FinalCalcuG\.gradle\6.5\javaCompile)" [_thread_blocked, id=6620, stack(0x000000002b970000,0x000000002ba70000)]
  0x000000001f497000 JavaThread "Cache worker for Java compile cache (C:\Users\Home\.gradle\caches\6.5\javaCompile)" [_thread_blocked, id=2388, stack(0x000000002b870000,0x000000002b970000)]
  0x000000001f49c800 JavaThread "Cache worker for execution history cache (C:\Users\Home\AndroidStudioProjects\FinalCalcuG\.gradle\6.5\executionHistory)" [_thread_blocked, id=2132, stack(0x000000002b570000,0x000000002b670000)]
  0x000000001f498800 JavaThread "Execution worker for ':' Thread 3" [_thread_blocked, id=7784, stack(0x000000002b470000,0x000000002b570000)]
  0x000000001f49a000 JavaThread "Execution worker for ':' Thread 2" [_thread_blocked, id=11140, stack(0x000000002b370000,0x000000002b470000)]
  0x000000001f498000 JavaThread "Execution worker for ':'" [_thread_blocked, id=7920, stack(0x000000002b270000,0x000000002b370000)]
  0x000000001a1cc000 JavaThread "Cache worker for file content cache (C:\Users\Home\AndroidStudioProjects\FinalCalcuG\.gradle\6.5\fileContent)" [_thread_blocked, id=3672, stack(0x0000000029d60000,0x0000000029e60000)]
  0x000000001a1cb000 JavaThread "Memory manager" [_thread_blocked, id=6004, stack(0x0000000029c60000,0x0000000029d60000)]
  0x000000001a1ca800 JavaThread "pool-1-thread-1" [_thread_blocked, id=4444, stack(0x0000000028d60000,0x0000000028e60000)]
  0x000000001a1c9800 JavaThread "Cache worker for Build Output Cleanup Cache (C:\Users\Home\AndroidStudioProjects\FinalCalcuG\.gradle\buildOutputCleanup)" [_thread_blocked, id=13344, stack(0x0000000028a60000,0x0000000028b60000)]
  0x000000001a126800 JavaThread "Build operations Thread 4" [_thread_blocked, id=9680, stack(0x0000000022c60000,0x0000000022d60000)]
  0x000000001a128800 JavaThread "Build operations Thread 3" [_thread_blocked, id=9988, stack(0x0000000022b60000,0x0000000022c60000)]
  0x000000001a12b800 JavaThread "Build operations Thread 2" [_thread_blocked, id=1920, stack(0x0000000022a60000,0x0000000022b60000)]
  0x000000001a12b000 JavaThread "Build operations" [_thread_blocked, id=8604, stack(0x0000000022960000,0x0000000022a60000)]
  0x000000001a124000 JavaThread "Cache worker for file content cache (C:\Users\Home\.gradle\caches\6.5\fileContent)" [_thread_blocked, id=3364, stack(0x0000000022260000,0x0000000022360000)]
  0x0000000017f01000 JavaThread "Cache worker for execution history cache (C:\Users\Home\.gradle\caches\6.5\executionHistory)" [_thread_blocked, id=11080, stack(0x0000000021a60000,0x0000000021b60000)]
  0x0000000017efc800 JavaThread "Cache worker for cache directory md-rule (C:\Users\Home\.gradle\caches\6.5\md-rule)" [_thread_blocked, id=6456, stack(0x0000000021960000,0x0000000021a60000)]
  0x0000000017f00800 JavaThread "Cache worker for cache directory md-supplier (C:\Users\Home\.gradle\caches\6.5\md-supplier)" [_thread_blocked, id=9400, stack(0x0000000021860000,0x0000000021960000)]
  0x0000000017eff000 JavaThread "Cache worker for checksums cache (C:\Users\Home\AndroidStudioProjects\FinalCalcuG\.gradle\checksums)" [_thread_blocked, id=9404, stack(0x0000000020500000,0x0000000020600000)]
  0x0000000017efe000 JavaThread "Cache worker for file hash cache (C:\Users\Home\AndroidStudioProjects\FinalCalcuG\.gradle\6.5\fileHashes)" [_thread_blocked, id=9412, stack(0x0000000020400000,0x0000000020500000)]
  0x0000000017efc000 JavaThread "Cache worker for file hash cache (C:\Users\Home\.gradle\caches\6.5\fileHashes)" [_thread_blocked, id=10428, stack(0x000000001df60000,0x000000001e060000)]
  0x0000000017eff800 JavaThread "File lock request listener" [_thread_in_native, id=9784, stack(0x000000001de60000,0x000000001df60000)]
  0x000000001bd43800 JavaThread "Cache worker for journal cache (C:\Users\Home\.gradle\caches\journal-1)" [_thread_blocked, id=2524, stack(0x000000001dc60000,0x000000001dd60000)]
  0x000000001b961000 JavaThread "Thread-9" [_thread_blocked, id=10028, stack(0x000000001d960000,0x000000001da60000)]
  0x000000001ba33800 JavaThread "Asynchronous log dispatcher for DefaultDaemonConnection: socket connection from /127.0.0.1:52216 to /127.0.0.1:52217" [_thread_blocked, id=3732, stack(0x000000001d760000,0x000000001d860000)]
  0x000000001b926800 JavaThread "Daemon worker" [_thread_in_native, id=8984, stack(0x000000001d660000,0x000000001d760000)]
  0x000000001b924000 JavaThread "Cancel handler" [_thread_blocked, id=6840, stack(0x000000001d560000,0x000000001d660000)]
  0x000000001b919000 JavaThread "Handler for socket connection from /127.0.0.1:52216 to /127.0.0.1:52217" [_thread_in_native, id=14140, stack(0x000000001d460000,0x000000001d560000)]
  0x000000001b918000 JavaThread "Daemon" [_thread_blocked, id=9956, stack(0x000000001d160000,0x000000001d260000)]
  0x000000001b8ad800 JavaThread "Daemon periodic checks" [_thread_blocked, id=1616, stack(0x000000001d060000,0x000000001d160000)]
  0x000000001b8ac000 JavaThread "Incoming local TCP Connector on port 52216" [_thread_in_native, id=6340, stack(0x000000001ce20000,0x000000001cf20000)]
  0x000000001b837800 JavaThread "Daemon health stats" [_thread_blocked, id=12584, stack(0x000000001c7e0000,0x000000001c8e0000)]
  0x0000000019878800 JavaThread "Service Thread" daemon [_thread_blocked, id=13276, stack(0x0000000019c40000,0x0000000019d40000)]
  0x0000000017f02000 JavaThread "C1 CompilerThread2" daemon [_thread_blocked, id=9420, stack(0x0000000019740000,0x0000000019840000)]
  0x0000000017eec800 JavaThread "C2 CompilerThread1" daemon [_thread_blocked, id=4564, stack(0x0000000019640000,0x0000000019740000)]
=>0x0000000017ee8000 JavaThread "C2 CompilerThread0" daemon [_thread_in_native, id=5520, stack(0x0000000019540000,0x0000000019640000)]
  0x0000000017ee4000 JavaThread "Attach Listener" daemon [_thread_blocked, id=12292, stack(0x0000000019440000,0x0000000019540000)]
  0x0000000017ee2800 JavaThread "Signal Dispatcher" daemon [_thread_blocked, id=1768, stack(0x0000000019340000,0x0000000019440000)]
  0x00000000032bc800 JavaThread "Finalizer" daemon [_thread_blocked, id=9908, stack(0x0000000019140000,0x0000000019240000)]
  0x0000000017ec9000 JavaThread "Reference Handler" daemon [_thread_blocked, id=8936, stack(0x0000000019040000,0x0000000019140000)]
  0x000000000302d800 JavaThread "main" [_thread_blocked, id=7284, stack(0x00000000030c0000,0x00000000031c0000)]

Other Threads:
  0x0000000017ea6800 VMThread [stack: 0x0000000018f40000,0x0000000019040000] [id=12440]
  0x0000000019881800 WatcherThread [stack: 0x0000000019d40000,0x0000000019e40000] [id=9424]

VM state:not at safepoint (normal execution)

VM Mutex/Monitor currently owned by a thread: None

heap address: 0x0000000080000000, size: 2048 MB, Compressed Oops mode: 32-bit
Narrow klass base: 0x0000000000000000, Narrow klass shift: 3
Compressed class space size: 1073741824 Address: 0x0000000100000000

Heap:
 PSYoungGen      total 244224K, used 28311K [0x00000000d5580000, 0x00000000e8a00000, 0x0000000100000000)
  eden space 222720K, 3% used [0x00000000d5580000,0x00000000d5c284f8,0x00000000e2f00000)
  from space 21504K, 99% used [0x00000000e2f00000,0x00000000e43fd940,0x00000000e4400000)
  to   space 26624K, 0% used [0x00000000e7000000,0x00000000e7000000,0x00000000e8a00000)
 ParOldGen       total 101376K, used 40866K [0x0000000080000000, 0x0000000086300000, 0x00000000d5580000)
  object space 101376K, 40% used [0x0000000080000000,0x00000000827e8ac0,0x0000000086300000)
 Metaspace       used 69696K, capacity 72752K, committed 73112K, reserved 1112064K
  class space    used 9507K, capacity 10110K, committed 10160K, reserved 1048576K

Card table byte_map: [0x0000000012680000,0x0000000012a90000] byte_map_base: 0x0000000012280000

Marking Bits: (ParMarkBitMap*) 0x00000000563ef030
 Begin Bits: [0x0000000013140000, 0x0000000015140000)
 End Bits:   [0x0000000015140000, 0x0000000017140000)

Polling page: 0x0000000000fe0000

CodeCache: size=245760Kb used=23992Kb max_used=23992Kb free=221767Kb
 bounds [0x00000000032c0000, 0x0000000004a50000, 0x00000000122c0000]
 total_blobs=8355 nmethods=7549 adapters=718
 compilation: enabled

Compilation events (10 events):
Event: 116.806 Thread 0x0000000017f02000 8631   !   3       com.sun.tools.javac.jvm.ClassReader::readMethod (375 bytes)
Event: 116.806 Thread 0x0000000017eec800 8633   !   4       com.sun.tools.javac.jvm.ClassReader$AttributeReader::accepts (244 bytes)
Event: 116.808 Thread 0x0000000017eec800 nmethod 8633 0x00000000041ceb90 code [0x00000000041cece0, 0x00000000041cee18]
Event: 116.809 Thread 0x0000000017f02000 nmethod 8631 0x0000000004a49710 code [0x0000000004a49ac0, 0x0000000004a4b9f8]
Event: 116.809 Thread 0x0000000017f02000 8634       3       com.sun.tools.javac.code.Scope::enter (145 bytes)
Event: 116.810 Thread 0x0000000017f02000 nmethod 8634 0x0000000003840210 code [0x0000000003840420, 0x0000000003840fc8]
Event: 116.810 Thread 0x0000000017f02000 8632       3       com.sun.tools.javac.jvm.ClassReader$AnnotationDeproxy::<init> (52 bytes)
Event: 116.810 Thread 0x0000000017f02000 nmethod 8632 0x00000000036c63d0 code [0x00000000036c6560, 0x00000000036c6968]
Event: 116.810 Thread 0x0000000017f02000 8635       3       com.sun.tools.javac.jvm.ClassReader::readClassSymbol (55 bytes)
Event: 116.811 Thread 0x0000000017f02000 nmethod 8635 0x00000000036c4b90 code [0x00000000036c4de0, 0x00000000036c5cd8]

GC Heap History (10 events):
Event: 23.869 GC heap before
{Heap before GC invocations=10 (full 2):
 PSYoungGen      total 196096K, used 7946K [0x00000000d5580000, 0x00000000e3080000, 0x0000000100000000)
  eden space 182272K, 0% used [0x00000000d5580000,0x00000000d5580000,0x00000000e0780000)
  from space 13824K, 57% used [0x00000000e1480000,0x00000000e1c429c0,0x00000000e2200000)
  to   space 13312K, 0% used [0x00000000e0780000,0x00000000e0780000,0x00000000e1480000)
 ParOldGen       total 48640K, used 20071K [0x0000000080000000, 0x0000000082f80000, 0x00000000d5580000)
  object space 48640K, 41% used [0x0000000080000000,0x0000000081399c80,0x0000000082f80000)
 Metaspace       used 34252K, capacity 35412K, committed 35496K, reserved 1079296K
  class space    used 4714K, capacity 5001K, committed 5040K, reserved 1048576K
Event: 24.141 GC heap after
Heap after GC invocations=10 (full 2):
 PSYoungGen      total 196096K, used 0K [0x00000000d5580000, 0x00000000e3080000, 0x0000000100000000)
  eden space 182272K, 0% used [0x00000000d5580000,0x00000000d5580000,0x00000000e0780000)
  from space 13824K, 0% used [0x00000000e1480000,0x00000000e1480000,0x00000000e2200000)
  to   space 13312K, 0% used [0x00000000e0780000,0x00000000e0780000,0x00000000e1480000)
 ParOldGen       total 61440K, used 14336K [0x0000000080000000, 0x0000000083c00000, 0x00000000d5580000)
  object space 61440K, 23% used [0x0000000080000000,0x0000000080e003b0,0x0000000083c00000)
 Metaspace       used 34252K, capacity 35412K, committed 35496K, reserved 1079296K
  class space    used 4714K, capacity 5001K, committed 5040K, reserved 1048576K
}
Event: 46.975 GC heap before
{Heap before GC invocations=11 (full 2):
 PSYoungGen      total 196096K, used 182272K [0x00000000d5580000, 0x00000000e3080000, 0x0000000100000000)
  eden space 182272K, 100% used [0x00000000d5580000,0x00000000e0780000,0x00000000e0780000)
  from space 13824K, 0% used [0x00000000e1480000,0x00000000e1480000,0x00000000e2200000)
  to   space 13312K, 0% used [0x00000000e0780000,0x00000000e0780000,0x00000000e1480000)
 ParOldGen       total 61440K, used 14336K [0x0000000080000000, 0x0000000083c00000, 0x00000000d5580000)
  object space 61440K, 23% used [0x0000000080000000,0x0000000080e003b0,0x0000000083c00000)
 Metaspace       used 45488K, capacity 47224K, committed 47528K, reserved 1089536K
  class space    used 6142K, capacity 6472K, committed 6576K, reserved 1048576K
Event: 47.030 GC heap after
Heap after GC invocations=11 (full 2):
 PSYoungGen      total 195584K, used 13283K [0x00000000d5580000, 0x00000000e5380000, 0x0000000100000000)
  eden space 182272K, 0% used [0x00000000d5580000,0x00000000d5580000,0x00000000e0780000)
  from space 13312K, 99% used [0x00000000e0780000,0x00000000e1478fd0,0x00000000e1480000)
  to   space 15872K, 0% used [0x00000000e4400000,0x00000000e4400000,0x00000000e5380000)
 ParOldGen       total 61440K, used 16028K [0x0000000080000000, 0x0000000083c00000, 0x00000000d5580000)
  object space 61440K, 26% used [0x0000000080000000,0x0000000080fa73f8,0x0000000083c00000)
 Metaspace       used 45488K, capacity 47224K, committed 47528K, reserved 1089536K
  class space    used 6142K, capacity 6472K, committed 6576K, reserved 1048576K
}
Event: 66.761 GC heap before
{Heap before GC invocations=12 (full 2):
 PSYoungGen      total 195584K, used 155648K [0x00000000d5580000, 0x00000000e5380000, 0x0000000100000000)
  eden space 182272K, 78% used [0x00000000d5580000,0x00000000de087068,0x00000000e0780000)
  from space 13312K, 99% used [0x00000000e0780000,0x00000000e1478fd0,0x00000000e1480000)
  to   space 15872K, 0% used [0x00000000e4400000,0x00000000e4400000,0x00000000e5380000)
 ParOldGen       total 61440K, used 16028K [0x0000000080000000, 0x0000000083c00000, 0x00000000d5580000)
  object space 61440K, 26% used [0x0000000080000000,0x0000000080fa73f8,0x0000000083c00000)
 Metaspace       used 56889K, capacity 59146K, committed 59160K, reserved 1099776K
  class space    used 7765K, capacity 8228K, committed 8240K, reserved 1048576K
Event: 66.908 GC heap after
Heap after GC invocations=12 (full 2):
 PSYoungGen      total 238592K, used 15868K [0x00000000d5580000, 0x00000000e5b80000, 0x0000000100000000)
  eden space 222720K, 0% used [0x00000000d5580000,0x00000000d5580000,0x00000000e2f00000)
  from space 15872K, 99% used [0x00000000e4400000,0x00000000e537f330,0x00000000e5380000)
  to   space 21504K, 0% used [0x00000000e2f00000,0x00000000e2f00000,0x00000000e4400000)
 ParOldGen       total 61440K, used 24696K [0x0000000080000000, 0x0000000083c00000, 0x00000000d5580000)
  object space 61440K, 40% used [0x0000000080000000,0x000000008181e038,0x0000000083c00000)
 Metaspace       used 56889K, capacity 59146K, committed 59160K, reserved 1099776K
  class space    used 7765K, capacity 8228K, committed 8240K, reserved 1048576K
}
Event: 66.908 GC heap before
{Heap before GC invocations=13 (full 3):
 PSYoungGen      total 238592K, used 15868K [0x00000000d5580000, 0x00000000e5b80000, 0x0000000100000000)
  eden space 222720K, 0% used [0x00000000d5580000,0x00000000d5580000,0x00000000e2f00000)
  from space 15872K, 99% used [0x00000000e4400000,0x00000000e537f330,0x00000000e5380000)
  to   space 21504K, 0% used [0x00000000e2f00000,0x00000000e2f00000,0x00000000e4400000)
 ParOldGen       total 61440K, used 24696K [0x0000000080000000, 0x0000000083c00000, 0x00000000d5580000)
  object space 61440K, 40% used [0x0000000080000000,0x000000008181e038,0x0000000083c00000)
 Metaspace       used 56889K, capacity 59146K, committed 59160K, reserved 1099776K
  class space    used 7765K, capacity 8228K, committed 8240K, reserved 1048576K
Event: 68.364 GC heap after
Heap after GC invocations=13 (full 3):
 PSYoungGen      total 238592K, used 0K [0x00000000d5580000, 0x00000000e5b80000, 0x0000000100000000)
  eden space 222720K, 0% used [0x00000000d5580000,0x00000000d5580000,0x00000000e2f00000)
  from space 15872K, 0% used [0x00000000e4400000,0x00000000e4400000,0x00000000e5380000)
  to   space 21504K, 0% used [0x00000000e2f00000,0x00000000e2f00000,0x00000000e4400000)
 ParOldGen       total 101376K, used 36268K [0x0000000080000000, 0x0000000086300000, 0x00000000d5580000)
  object space 101376K, 35% used [0x0000000080000000,0x000000008236b328,0x0000000086300000)
 Metaspace       used 56885K, capacity 59134K, committed 59160K, reserved 1099776K
  class space    used 7764K, capacity 8226K, committed 8240K, reserved 1048576K
}
Event: 115.770 GC heap before
{Heap before GC invocations=14 (full 3):
 PSYoungGen      total 238592K, used 222720K [0x00000000d5580000, 0x00000000e5b80000, 0x0000000100000000)
  eden space 222720K, 100% used [0x00000000d5580000,0x00000000e2f00000,0x00000000e2f00000)
  from space 15872K, 0% used [0x00000000e4400000,0x00000000e4400000,0x00000000e5380000)
  to   space 21504K, 0% used [0x00000000e2f00000,0x00000000e2f00000,0x00000000e4400000)
 ParOldGen       total 101376K, used 36268K [0x0000000080000000, 0x0000000086300000, 0x00000000d5580000)
  object space 101376K, 35% used [0x0000000080000000,0x000000008236b328,0x0000000086300000)
 Metaspace       used 69082K, capacity 72176K, committed 72600K, reserved 1112064K
  class space    used 9445K, capacity 10046K, committed 10160K, reserved 1048576K
Event: 115.975 GC heap after
Heap after GC invocations=14 (full 3):
 PSYoungGen      total 244224K, used 21494K [0x00000000d5580000, 0x00000000e8a00000, 0x0000000100000000)
  eden space 222720K, 0% used [0x00000000d5580000,0x00000000d5580000,0x00000000e2f00000)
  from space 21504K, 99% used [0x00000000e2f00000,0x00000000e43fd940,0x00000000e4400000)
  to   space 26624K, 0% used [0x00000000e7000000,0x00000000e7000000,0x00000000e8a00000)
 ParOldGen       total 101376K, used 40866K [0x0000000080000000, 0x0000000086300000, 0x00000000d5580000)
  object space 101376K, 40% used [0x0000000080000000,0x00000000827e8ac0,0x0000000086300000)
 Metaspace       used 69082K, capacity 72176K, committed 72600K, reserved 1112064K
  class space    used 9445K, capacity 10046K, committed 10160K, reserved 1048576K
}

Deoptimization events (10 events):
Event: 116.218 Thread 0x000000001b926800 Uncommon trap: reason=unstable_if action=reinterpret pc=0x0000000004922718 method=com.sun.tools.javac.code.Scope.lookup(Lcom/sun/tools/javac/util/Name;Lcom/sun/tools/javac/util/Filter;)Lcom/sun/tools/javac/code/Scope$Entry; @ 19
Event: 116.308 Thread 0x000000001b926800 Uncommon trap: reason=null_check action=make_not_entrant pc=0x000000000488ded4 method=com.sun.tools.javac.util.UnsharedNameTable.fromUtf([BII)Lcom/sun/tools/javac/util/Name; @ 50
Event: 116.356 Thread 0x000000001b926800 Uncommon trap: reason=class_check action=maybe_recompile pc=0x00000000049d4858 method=com.sun.tools.javac.code.Type.containsAny(Lcom/sun/tools/javac/util/List;)Z @ 6
Event: 116.356 Thread 0x000000001b926800 Uncommon trap: reason=class_check action=maybe_recompile pc=0x00000000049d4858 method=com.sun.tools.javac.code.Type.containsAny(Lcom/sun/tools/javac/util/List;)Z @ 6
Event: 116.358 Thread 0x000000001b926800 Uncommon trap: reason=class_check action=maybe_recompile pc=0x00000000049d4858 method=com.sun.tools.javac.code.Type.containsAny(Lcom/sun/tools/javac/util/List;)Z @ 6
Event: 116.361 Thread 0x000000001b926800 Uncommon trap: reason=class_check action=maybe_recompile pc=0x00000000049d4858 method=com.sun.tools.javac.code.Type.containsAny(Lcom/sun/tools/javac/util/List;)Z @ 6
Event: 116.627 Thread 0x000000001b926800 Uncommon trap: reason=unstable_if action=reinterpret pc=0x00000000049f9978 method=com.sun.tools.javac.code.Type.isCompound()Z @ 7
Event: 116.632 Thread 0x000000001b926800 Uncommon trap: reason=unstable_if action=reinterpret pc=0x0000000003d87bac method=com.sun.tools.javac.code.Type.map(Lcom/sun/tools/javac/util/List;Lcom/sun/tools/javac/code/Type$Mapping;)Lcom/sun/tools/javac/util/List; @ 33
Event: 116.632 Thread 0x000000001b926800 Uncommon trap: reason=unstable_if action=reinterpret pc=0x0000000003d87bec method=com.sun.tools.javac.code.Type.map(Lcom/sun/tools/javac/util/List;Lcom/sun/tools/javac/code/Type$Mapping;)Lcom/sun/tools/javac/util/List; @ 33
Event: 116.650 Thread 0x000000001b926800 Uncommon trap: reason=unstable_if action=reinterpret pc=0x00000000048f346c method=com.sun.tools.javac.code.Scope.enter(Lcom/sun/tools/javac/code/Symbol;Lcom/sun/tools/javac/code/Scope;Lcom/sun/tools/javac/code/Scope;Z)V @ 116

Classes redefined (0 events):
No events

Internal exceptions (10 events):
Event: 91.887 Thread 0x000000001f498800 Exception <a 'java/lang/NoSuchMethodError': <clinit>> (0x00000000ddc83fd0) thrown at [C:\src\AOSP-openjdk-git\hotspot\src\share\vm\prims\jni.cpp, line 1615]
Event: 96.665 Thread 0x000000001b926800 Exception <a 'sun/nio/fs/WindowsException'> (0x00000000d94dba28) thrown at [C:\src\AOSP-openjdk-git\hotspot\src\share\vm\prims\jni.cpp, line 710]
Event: 96.694 Thread 0x000000001b926800 Exception <a 'sun/nio/fs/WindowsException'> (0x00000000d94dd820) thrown at [C:\src\AOSP-openjdk-git\hotspot\src\share\vm\prims\jni.cpp, line 710]
Event: 96.701 Thread 0x000000001b926800 Exception <a 'sun/nio/fs/WindowsException'> (0x00000000d95141f0) thrown at [C:\src\AOSP-openjdk-git\hotspot\src\share\vm\prims\jni.cpp, line 710]
Event: 96.701 Thread 0x000000001b926800 Exception <a 'sun/nio/fs/WindowsException'> (0x00000000d9515a98) thrown at [C:\src\AOSP-openjdk-git\hotspot\src\share\vm\prims\jni.cpp, line 710]
Event: 96.701 Thread 0x000000001b926800 Exception <a 'sun/nio/fs/WindowsException'> (0x00000000d9518710) thrown at [C:\src\AOSP-openjdk-git\hotspot\src\share\vm\prims\jni.cpp, line 710]
Event: 96.702 Thread 0x000000001b926800 Exception <a 'sun/nio/fs/WindowsException'> (0x00000000d9519fc8) thrown at [C:\src\AOSP-openjdk-git\hotspot\src\share\vm\prims\jni.cpp, line 710]
Event: 97.112 Thread 0x000000001b926800 Exception <a 'java/lang/NoSuchMethodError': java.lang.Object.lambda$comparingByKey$bbdbfea9$1(Ljava/util/Map$Entry;Ljava/util/Map$Entry;)I> (0x00000000df9ce6d8) thrown at [C:\src\AOSP-openjdk-git\hotspot\src\share\vm\interpreter\linkResolver.cpp, line 620
Event: 113.061 Thread 0x000000001b926800 Implicit null exception at 0x000000000477d0f2 to 0x000000000477d8d5
Event: 116.308 Thread 0x000000001b926800 Implicit null exception at 0x000000000488da17 to 0x000000000488dea1

Events (10 events):
Event: 116.755 loading class com/sun/tools/javac/code/Types$UniqueType
Event: 116.755 loading class com/sun/tools/javac/code/Types$UniqueType done
Event: 116.755 loading class com/sun/tools/javac/model/FilteredMemberList
Event: 116.755 loading class com/sun/tools/javac/model/FilteredMemberList done
Event: 116.803 loading class com/sun/tools/javac/model/FilteredMemberList$1
Event: 116.803 loading class com/sun/tools/javac/model/FilteredMemberList$1 done
Event: 116.804 loading class com/sun/tools/javac/jvm/Pool$Method
Event: 116.804 loading class com/sun/tools/javac/jvm/Pool$Method done
Event: 116.808 loading class com/sun/tools/javac/code/Types$DescriptorFilter
Event: 116.808 loading class com/sun/tools/javac/code/Types$DescriptorFilter done


Dynamic libraries:
0x00007ff7c7000000 - 0x00007ff7c7031000 	C:\Program Files\Android\Android Studio\jre\bin\java.exe
0x00007ffbe6d00000 - 0x00007ffbe6eed000 	C:\Windows\SYSTEM32\ntdll.dll
0x00007ffbe5d10000 - 0x00007ffbe5dc3000 	C:\Windows\System32\KERNEL32.DLL
0x00007ffbe3530000 - 0x00007ffbe37c5000 	C:\Windows\System32\KERNELBASE.dll
0x00007ffbe5c00000 - 0x00007ffbe5ca3000 	C:\Windows\System32\ADVAPI32.dll
0x00007ffbe5700000 - 0x00007ffbe579e000 	C:\Windows\System32\msvcrt.dll
0x00007ffbe6260000 - 0x00007ffbe62fe000 	C:\Windows\System32\sechost.dll
0x00007ffbe3f20000 - 0x00007ffbe4042000 	C:\Windows\System32\RPCRT4.dll
0x00007ffbe5f30000 - 0x00007ffbe60c7000 	C:\Windows\System32\USER32.dll
0x00007ffbe2dc0000 - 0x00007ffbe2de0000 	C:\Windows\System32\win32u.dll
0x00007ffbe56d0000 - 0x00007ffbe56f9000 	C:\Windows\System32\GDI32.dll
0x00007ffbe3ad0000 - 0x00007ffbe3c69000 	C:\Windows\System32\gdi32full.dll
0x00007ffbe37d0000 - 0x00007ffbe3870000 	C:\Windows\System32\msvcp_win.dll
0x00007ffbe3da0000 - 0x00007ffbe3e9a000 	C:\Windows\System32\ucrtbase.dll
0x00007ffbd6dc0000 - 0x00007ffbd7039000 	C:\Windows\WinSxS\amd64_microsoft.windows.common-controls_6595b64144ccf1df_6.0.17763.1217_none_de6e4304534e0ad3\COMCTL32.dll
0x00007ffbe57b0000 - 0x00007ffbe5adc000 	C:\Windows\System32\combase.dll
0x00007ffbe3870000 - 0x00007ffbe38ee000 	C:\Windows\System32\bcryptPrimitives.dll
0x00007ffbe40e0000 - 0x00007ffbe410e000 	C:\Windows\System32\IMM32.DLL
0x00000000550d0000 - 0x00000000551a2000 	C:\Program Files\Android\Android Studio\jre\jre\bin\msvcr100.dll
0x0000000055c20000 - 0x000000005646b000 	C:\Program Files\Android\Android Studio\jre\jre\bin\server\jvm.dll
0x00007ffbe65c0000 - 0x00007ffbe65c8000 	C:\Windows\System32\PSAPI.DLL
0x00007ffbe0760000 - 0x00007ffbe0769000 	C:\Windows\SYSTEM32\WSOCK32.dll
0x00007ffbe5b90000 - 0x00007ffbe5bfd000 	C:\Windows\System32\WS2_32.dll
0x00007ffbe05f0000 - 0x00007ffbe0614000 	C:\Windows\SYSTEM32\WINMM.dll
0x00007ffbd4190000 - 0x00007ffbd419a000 	C:\Windows\SYSTEM32\VERSION.dll
0x00007ffbe05c0000 - 0x00007ffbe05ed000 	C:\Windows\SYSTEM32\WINMMBASE.dll
0x00007ffbe3d20000 - 0x00007ffbe3d6a000 	C:\Windows\System32\cfgmgr32.dll
0x00007ffbdf5e0000 - 0x00007ffbdf5ef000 	C:\Program Files\Android\Android Studio\jre\jre\bin\verify.dll
0x00007ffbdd5a0000 - 0x00007ffbdd5c9000 	C:\Program Files\Android\Android Studio\jre\jre\bin\java.dll
0x00007ffbde700000 - 0x00007ffbde716000 	C:\Program Files\Android\Android Studio\jre\jre\bin\zip.dll
0x00007ffbe4170000 - 0x00007ffbe5664000 	C:\Windows\System32\SHELL32.dll
0x00007ffbe5ae0000 - 0x00007ffbe5b88000 	C:\Windows\System32\shcore.dll
0x00007ffbe2de0000 - 0x00007ffbe352e000 	C:\Windows\System32\windows.storage.dll
0x00007ffbe2d90000 - 0x00007ffbe2db4000 	C:\Windows\System32\profapi.dll
0x00007ffbe2cf0000 - 0x00007ffbe2d4d000 	C:\Windows\System32\powrprof.dll
0x00007ffbe60d0000 - 0x00007ffbe6122000 	C:\Windows\System32\shlwapi.dll
0x00007ffbe2d70000 - 0x00007ffbe2d81000 	C:\Windows\System32\kernel.appcore.dll
0x00007ffbe3ea0000 - 0x00007ffbe3eb7000 	C:\Windows\System32\cryptsp.dll
0x00007ffbddc50000 - 0x00007ffbddc6a000 	C:\Program Files\Android\Android Studio\jre\jre\bin\net.dll
0x00007ffbe2180000 - 0x00007ffbe21e7000 	C:\Windows\system32\mswsock.dll
0x00007ffbdd4d0000 - 0x00007ffbdd4e3000 	C:\Program Files\Android\Android Studio\jre\jre\bin\nio.dll
0x00007ffbb9de0000 - 0x00007ffbb9e07000 	C:\Users\Home\.gradle\native\f6784746aeab05261644944871eae4fe03e0ef1612fff0a4a95f87b438bc6780\windows-amd64\native-platform.dll
0x00007ffbdf290000 - 0x00007ffbdf29d000 	C:\Program Files\Android\Android Studio\jre\jre\bin\management.dll
0x00007ffbe1d00000 - 0x00007ffbe1d33000 	C:\Windows\system32\rsaenh.dll
0x00007ffbe3d70000 - 0x00007ffbe3d96000 	C:\Windows\System32\bcrypt.dll
0x00007ffbe2bf0000 - 0x00007ffbe2c18000 	C:\Windows\SYSTEM32\USERENV.dll
0x00007ffbe2350000 - 0x00007ffbe235c000 	C:\Windows\SYSTEM32\CRYPTBASE.dll
0x00007ffbe1ea0000 - 0x00007ffbe1edd000 	C:\Windows\SYSTEM32\IPHLPAPI.DLL
0x00007ffbe57a0000 - 0x00007ffbe57a8000 	C:\Windows\System32\NSI.dll
0x00007ffbd86e0000 - 0x00007ffbd86f6000 	C:\Windows\SYSTEM32\dhcpcsvc6.DLL
0x00007ffbd8f40000 - 0x00007ffbd8f5c000 	C:\Windows\SYSTEM32\dhcpcsvc.DLL
0x00007ffbe1ee0000 - 0x00007ffbe1fa7000 	C:\Windows\SYSTEM32\DNSAPI.dll
0x00007ffbd8fd0000 - 0x00007ffbd8fdb000 	C:\Windows\SYSTEM32\WINNSI.DLL

VM Arguments:
jvm_args: -Xmx2048m -Dfile.encoding=UTF-8 -Duser.country=IN -Duser.language=en -Duser.variant 
java_command: org.gradle.launcher.daemon.bootstrap.GradleDaemon 6.5
java_class_path (initial): C:\Users\Home\.gradle\wrapper\dists\gradle-6.5-bin\6nifqtx7604sqp1q6g8wikw7p\gradle-6.5\lib\gradle-launcher-6.5.jar
Launcher Type: SUN_STANDARD

Environment Variables:
JAVA_HOME=C:\Program Files\Java\jdk-14
PATH=C:\Program Files (x86)\Common Files\Oracle\Java\javapath;C:\ProgramData\Anaconda3;C:\ProgramData\Anaconda3\Library\mingw-w64\bin;C:\ProgramData\Anaconda3\Library\bin;C:\ProgramData\Anaconda3\Scripts;C:\Windows\system32;C:\Windows;C:\Windows\System32\Wbem;C:\Windows\System32\WindowsPowerShell\v1.0\;C:\Windows\System32\OpenSSH\;C:\Program Files\Java\jdk-14\bin;C:\Program Files\Git\cmd;C:\Users\Home\AppData\Local\Programs\Python\Python37-32\Scripts\;C:\Users\Home\AppData\Local\Programs\Python\Python37-32\;C:\Users\Home\AppData\Local\Microsoft\WindowsApps;
USERNAME=Home
OS=Windows_NT
PROCESSOR_IDENTIFIER=Intel64 Family 6 Model 69 Stepping 1, GenuineIntel



---------------  S Y S T E M  ---------------

OS: Windows 10.0 , 64 bit Build 17763 (10.0.17763.1158)

CPU:total 4 (initial active 4) (2 cores per cpu, 2 threads per core) family 6 model 69 stepping 1, cmov, cx8, fxsr, mmx, sse, sse2, sse3, ssse3, sse4.1, sse4.2, popcnt, avx, avx2, aes, clmul, erms, lzcnt, ht, tsc, tscinvbit, bmi1, bmi2

Memory: 4k page, physical 4129068k(478648k free), swap 6226220k(2492k free)

vm_info: OpenJDK 64-Bit Server VM (25.242-b01) for windows-amd64 JRE (1.8.0_242-release-1644-b01), built by "builder" with MS VC++ 10.0 (VS2010)

time: Thu Dec 03 14:15:26 2020
timezone: India Standard Time
elapsed time: 117 seconds (0d 0h 1m 57s)

