#
# There is insufficient memory for the Java Runtime Environment to continue.
# Native memory allocation (malloc) failed to allocate 763536 bytes for Chunk::new
# Possible reasons:
#   The system is out of physical RAM or swap space
#   The process is running with CompressedOops enabled, and the Java Heap may be blocking the growth of the native heap
# Possible solutions:
#   Reduce memory load on the system
#   Increase physical memory or swap space
#   Check if swap backing store is full
#   Decrease Java heap size (-Xmx/-Xms)
#   Decrease number of Java threads
#   Decrease Java thread stack sizes (-Xss)
#   Set larger code cache with -XX:ReservedCodeCacheSize=
#   JVM is running with Unscaled Compressed Oops mode in which the Java heap is
#     placed in the first 4GB address space. The Java Heap base address is the
#     maximum limit for the native heap growth. Please use -XX:HeapBaseMinAddress
#     to set the Java Heap base and to place the Java Heap above 4GB virtual address.
# This output file may be truncated or incomplete.
#
#  Out of Memory Error (allocation.cpp:389), pid=14288, tid=0x0000000000002054
#
# JRE version: OpenJDK Runtime Environment (8.0_242-b01) (build 1.8.0_242-release-1644-b01)
# Java VM: OpenJDK 64-Bit Server VM (25.242-b01 mixed mode windows-amd64 compressed oops)
# Failed to write core dump. Minidumps are not enabled by default on client versions of Windows
#

---------------  T H R E A D  ---------------

Current thread (0x0000000017e9d000):  JavaThread "C2 CompilerThread1" daemon [_thread_in_native, id=8276, stack(0x00000000195e0000,0x00000000196e0000)]

Stack: [0x00000000195e0000,0x00000000196e0000]
[error occurred during error reporting (printing stack bounds), id 0xc0000005]

Native frames: (J=compiled Java code, j=interpreted, Vv=VM code, C=native code)


Current CompileTask:
C2:  49730 8148   !   4       java.io.ObjectOutputStream::writeObject0 (619 bytes)


---------------  P R O C E S S  ---------------

Java Threads: ( => current thread )
  0x000000001eaf7000 JavaThread "WorkerExecutor Queue" [_thread_blocked, id=11168, stack(0x000000002acb0000,0x000000002adb0000)]
  0x000000001ab17000 JavaThread "Memory manager" [_thread_blocked, id=16216, stack(0x0000000029bd0000,0x0000000029cd0000)]
  0x000000001ab1e000 JavaThread "pool-1-thread-1" [_thread_in_native, id=16512, stack(0x0000000028ed0000,0x0000000028fd0000)]
  0x000000001ab1d000 JavaThread "jar transforms Thread 92" [_thread_blocked, id=11524, stack(0x00000000288d0000,0x00000000289d0000)]
  0x000000001ab19000 JavaThread "jar transforms Thread 91" [_thread_blocked, id=15608, stack(0x00000000287d0000,0x00000000288d0000)]
  0x000000001ab1b800 JavaThread "jar transforms Thread 90" [_thread_blocked, id=16240, stack(0x00000000286d0000,0x00000000287d0000)]
  0x000000001ab1c000 JavaThread "jar transforms Thread 89" [_thread_blocked, id=10160, stack(0x00000000285d0000,0x00000000286d0000)]
  0x000000001ab0e800 JavaThread "jar transforms Thread 88" [_thread_blocked, id=15508, stack(0x00000000284d0000,0x00000000285d0000)]
  0x000000001ab11800 JavaThread "jar transforms Thread 87" [_thread_blocked, id=5024, stack(0x00000000283d0000,0x00000000284d0000)]
  0x000000001ab14800 JavaThread "jar transforms Thread 86" [_thread_blocked, id=9152, stack(0x00000000282d0000,0x00000000283d0000)]
  0x000000001ab11000 JavaThread "jar transforms Thread 85" [_thread_blocked, id=8716, stack(0x00000000281d0000,0x00000000282d0000)]
  0x000000001ab14000 JavaThread "jar transforms Thread 84" [_thread_blocked, id=2000, stack(0x00000000280d0000,0x00000000281d0000)]
  0x000000001ab12800 JavaThread "jar transforms Thread 83" [_thread_blocked, id=10060, stack(0x0000000027fd0000,0x00000000280d0000)]
  0x000000001ab0f800 JavaThread "jar transforms Thread 82" [_thread_blocked, id=10196, stack(0x0000000027ed0000,0x0000000027fd0000)]
  0x000000001ab15800 JavaThread "jar transforms Thread 81" [_thread_blocked, id=7084, stack(0x0000000027dd0000,0x0000000027ed0000)]
  0x000000001ab13000 JavaThread "jar transforms Thread 80" [_thread_blocked, id=5784, stack(0x0000000027cd0000,0x0000000027dd0000)]
  0x000000001ab10000 JavaThread "jar transforms Thread 79" [_thread_blocked, id=15004, stack(0x0000000027ad0000,0x0000000027bd0000)]
  0x000000001f40b800 JavaThread "jar transforms Thread 78" [_thread_blocked, id=16416, stack(0x00000000279d0000,0x0000000027ad0000)]
  0x000000001f409000 JavaThread "jar transforms Thread 77" [_thread_blocked, id=9124, stack(0x00000000278d0000,0x00000000279d0000)]
  0x000000001f40d000 JavaThread "jar transforms Thread 76" [_thread_blocked, id=3524, stack(0x00000000277d0000,0x00000000278d0000)]
  0x000000001f408800 JavaThread "jar transforms Thread 75" [_thread_blocked, id=14248, stack(0x00000000276d0000,0x00000000277d0000)]
  0x000000001f407800 JavaThread "jar transforms Thread 74" [_thread_blocked, id=9576, stack(0x00000000275d0000,0x00000000276d0000)]
  0x000000001f40a800 JavaThread "jar transforms Thread 73" [_thread_blocked, id=12028, stack(0x00000000274d0000,0x00000000275d0000)]
  0x000000001f40a000 JavaThread "jar transforms Thread 72" [_thread_blocked, id=4888, stack(0x00000000273d0000,0x00000000274d0000)]
  0x000000001f40c000 JavaThread "jar transforms Thread 71" [_thread_blocked, id=15040, stack(0x00000000272d0000,0x00000000273d0000)]
  0x000000001f40e000 JavaThread "jar transforms Thread 70" [_thread_blocked, id=13664, stack(0x00000000271d0000,0x00000000272d0000)]
  0x000000001f400000 JavaThread "jar transforms Thread 69" [_thread_blocked, id=12100, stack(0x00000000270d0000,0x00000000271d0000)]
  0x000000001f407000 JavaThread "jar transforms Thread 68" [_thread_blocked, id=16704, stack(0x0000000026fd0000,0x00000000270d0000)]
  0x000000001f3ff800 JavaThread "jar transforms Thread 67" [_thread_blocked, id=17452, stack(0x0000000026ed0000,0x0000000026fd0000)]
  0x000000001f406000 JavaThread "jar transforms Thread 66" [_thread_blocked, id=9196, stack(0x0000000026dd0000,0x0000000026ed0000)]
  0x000000001f405800 JavaThread "jar transforms Thread 65" [_thread_blocked, id=18356, stack(0x0000000026cd0000,0x0000000026dd0000)]
  0x000000001f402800 JavaThread "jar transforms Thread 64" [_thread_blocked, id=2392, stack(0x0000000026bd0000,0x0000000026cd0000)]
  0x000000001f404800 JavaThread "jar transforms Thread 63" [_thread_blocked, id=12764, stack(0x0000000026ad0000,0x0000000026bd0000)]
  0x000000001f404000 JavaThread "jar transforms Thread 62" [_thread_blocked, id=7784, stack(0x00000000269d0000,0x0000000026ad0000)]
  0x000000001f3fe800 JavaThread "jar transforms Thread 61" [_thread_blocked, id=17652, stack(0x00000000268d0000,0x00000000269d0000)]
  0x000000001f401800 JavaThread "jar transforms Thread 60" [_thread_blocked, id=13916, stack(0x00000000267d0000,0x00000000268d0000)]
  0x000000001f403000 JavaThread "jar transforms Thread 59" [_thread_blocked, id=852, stack(0x00000000266d0000,0x00000000267d0000)]
  0x000000001f401000 JavaThread "jar transforms Thread 58" [_thread_blocked, id=7020, stack(0x00000000265d0000,0x00000000266d0000)]
  0x000000001f148000 JavaThread "jar transforms Thread 57" [_thread_blocked, id=10284, stack(0x00000000264d0000,0x00000000265d0000)]
  0x000000001f147800 JavaThread "jar transforms Thread 56" [_thread_blocked, id=5484, stack(0x00000000263d0000,0x00000000264d0000)]
  0x000000001f145000 JavaThread "jar transforms Thread 55" [_thread_blocked, id=9668, stack(0x00000000262d0000,0x00000000263d0000)]
  0x000000001f14a800 JavaThread "jar transforms Thread 54" [_thread_blocked, id=15616, stack(0x00000000261d0000,0x00000000262d0000)]
  0x000000001f146800 JavaThread "jar transforms Thread 53" [_thread_blocked, id=2332, stack(0x00000000260d0000,0x00000000261d0000)]
  0x000000001f149800 JavaThread "jar transforms Thread 52" [_thread_blocked, id=2424, stack(0x0000000025fd0000,0x00000000260d0000)]
  0x000000001f146000 JavaThread "jar transforms Thread 51" [_thread_blocked, id=13112, stack(0x0000000025ed0000,0x0000000025fd0000)]
  0x000000001f149000 JavaThread "jar transforms Thread 50" [_thread_blocked, id=13608, stack(0x0000000025dd0000,0x0000000025ed0000)]
  0x000000001f13d800 JavaThread "jar transforms Thread 49" [_thread_blocked, id=9528, stack(0x0000000025cd0000,0x0000000025dd0000)]
  0x000000001f144800 JavaThread "jar transforms Thread 48" [_thread_blocked, id=14964, stack(0x0000000025bd0000,0x0000000025cd0000)]
  0x000000001f143800 JavaThread "jar transforms Thread 47" [_thread_blocked, id=9992, stack(0x0000000025ad0000,0x0000000025bd0000)]
  0x000000001f13e800 JavaThread "jar transforms Thread 46" [_thread_blocked, id=10812, stack(0x00000000259d0000,0x0000000025ad0000)]
  0x000000001f13c000 JavaThread "jar transforms Thread 45" [_thread_blocked, id=14628, stack(0x00000000258d0000,0x00000000259d0000)]
  0x000000001f143000 JavaThread "jar transforms Thread 44" [_thread_blocked, id=7672, stack(0x00000000257d0000,0x00000000258d0000)]
  0x000000001f141800 JavaThread "jar transforms Thread 43" [_thread_blocked, id=14180, stack(0x00000000256d0000,0x00000000257d0000)]
  0x000000001f140800 JavaThread "jar transforms Thread 42" [_thread_blocked, id=13604, stack(0x00000000255d0000,0x00000000256d0000)]
  0x000000001f13b800 JavaThread "jar transforms Thread 41" [_thread_blocked, id=12120, stack(0x00000000254d0000,0x00000000255d0000)]
  0x000000001f13d000 JavaThread "jar transforms Thread 40" [_thread_blocked, id=1472, stack(0x00000000253d0000,0x00000000254d0000)]
  0x000000001f13f000 JavaThread "jar transforms Thread 39" [_thread_blocked, id=2456, stack(0x00000000252d0000,0x00000000253d0000)]
  0x000000001f142000 JavaThread "jar transforms Thread 38" [_thread_blocked, id=13476, stack(0x00000000251d0000,0x00000000252d0000)]
  0x000000001f140000 JavaThread "jar transforms Thread 37" [_thread_blocked, id=14184, stack(0x00000000250d0000,0x00000000251d0000)]
  0x000000001b1a6000 JavaThread "jar transforms Thread 36" [_thread_blocked, id=2528, stack(0x0000000024fd0000,0x00000000250d0000)]
  0x000000001b1a5800 JavaThread "jar transforms Thread 35" [_thread_blocked, id=2296, stack(0x0000000024ed0000,0x0000000024fd0000)]
  0x000000001b1aa000 JavaThread "jar transforms Thread 34" [_thread_blocked, id=15704, stack(0x0000000024dd0000,0x0000000024ed0000)]
  0x000000001b1a4800 JavaThread "jar transforms Thread 33" [_thread_blocked, id=6228, stack(0x0000000024cd0000,0x0000000024dd0000)]
  0x000000001b1a8800 JavaThread "jar transforms Thread 32" [_thread_blocked, id=9092, stack(0x0000000024bd0000,0x0000000024cd0000)]
  0x000000001b1a9000 JavaThread "jar transforms Thread 31" [_thread_blocked, id=6108, stack(0x0000000024ad0000,0x0000000024bd0000)]
  0x000000001b1a7800 JavaThread "jar transforms Thread 30" [_thread_blocked, id=14036, stack(0x00000000249d0000,0x0000000024ad0000)]
  0x000000001b1a7000 JavaThread "jar transforms Thread 29" [_thread_blocked, id=4192, stack(0x00000000248d0000,0x00000000249d0000)]
  0x000000001b1ab800 JavaThread "jar transforms Thread 28" [_thread_blocked, id=16504, stack(0x00000000247d0000,0x00000000248d0000)]
  0x000000001b1aa800 JavaThread "jar transforms Thread 27" [_thread_blocked, id=13352, stack(0x00000000246d0000,0x00000000247d0000)]
  0x000000001b19d000 JavaThread "jar transforms Thread 26" [_thread_blocked, id=15504, stack(0x00000000245d0000,0x00000000246d0000)]
  0x000000001b1a4000 JavaThread "jar transforms Thread 25" [_thread_blocked, id=14412, stack(0x00000000244d0000,0x00000000245d0000)]
  0x000000001b19f800 JavaThread "jar transforms Thread 24" [_thread_blocked, id=18052, stack(0x00000000243d0000,0x00000000244d0000)]
  0x000000001b19e000 JavaThread "jar transforms Thread 23" [_thread_blocked, id=8440, stack(0x00000000242d0000,0x00000000243d0000)]
  0x000000001b19c800 JavaThread "jar transforms Thread 22" [_thread_blocked, id=8140, stack(0x00000000241d0000,0x00000000242d0000)]
  0x000000001b1a1000 JavaThread "jar transforms Thread 21" [_thread_blocked, id=2780, stack(0x00000000240d0000,0x00000000241d0000)]
  0x000000001b19e800 JavaThread "jar transforms Thread 20" [_thread_blocked, id=11668, stack(0x0000000023fd0000,0x00000000240d0000)]
  0x000000001b1a3000 JavaThread "jar transforms Thread 19" [_thread_blocked, id=8336, stack(0x0000000023ed0000,0x0000000023fd0000)]
  0x000000001b1a2800 JavaThread "jar transforms Thread 18" [_thread_blocked, id=5324, stack(0x0000000023dd0000,0x0000000023ed0000)]
  0x000000001b1a1800 JavaThread "jar transforms Thread 17" [_thread_blocked, id=8420, stack(0x0000000023cd0000,0x0000000023dd0000)]
  0x000000001b1a0000 JavaThread "jar transforms Thread 16" [_thread_blocked, id=10264, stack(0x0000000023bd0000,0x0000000023cd0000)]
  0x000000001bdbb800 JavaThread "jar transforms Thread 15" [_thread_blocked, id=14892, stack(0x0000000023ad0000,0x0000000023bd0000)]
  0x000000001bdbf800 JavaThread "jar transforms Thread 14" [_thread_blocked, id=15380, stack(0x00000000239d0000,0x0000000023ad0000)]
  0x000000001bdb8800 JavaThread "jar transforms Thread 13" [_thread_blocked, id=11896, stack(0x00000000238d0000,0x00000000239d0000)]
  0x000000001bdba000 JavaThread "jar transforms Thread 12" [_thread_blocked, id=9488, stack(0x00000000237d0000,0x00000000238d0000)]
  0x000000001bdbe000 JavaThread "jar transforms Thread 11" [_thread_blocked, id=14840, stack(0x00000000236d0000,0x00000000237d0000)]
  0x000000001bdbb000 JavaThread "jar transforms Thread 10" [_thread_blocked, id=7036, stack(0x00000000235d0000,0x00000000236d0000)]
  0x000000001bdbd000 JavaThread "jar transforms Thread 9" [_thread_blocked, id=14468, stack(0x00000000234d0000,0x00000000235d0000)]
  0x000000001bdbc800 JavaThread "jar transforms Thread 8" [_thread_blocked, id=15400, stack(0x00000000233d0000,0x00000000234d0000)]
  0x000000001bdbe800 JavaThread "jar transforms Thread 7" [_thread_blocked, id=13780, stack(0x00000000232d0000,0x00000000233d0000)]
  0x000000001bdb9800 JavaThread "jar transforms Thread 6" [_thread_blocked, id=14656, stack(0x00000000231d0000,0x00000000232d0000)]
  0x000000001bdb1000 JavaThread "jar transforms Thread 5" [_thread_blocked, id=8876, stack(0x00000000230d0000,0x00000000231d0000)]
  0x000000001bdb4000 JavaThread "jar transforms Thread 4" [_thread_blocked, id=4136, stack(0x0000000022fd0000,0x00000000230d0000)]
  0x000000001bdb8000 JavaThread "jar transforms Thread 3" [_thread_blocked, id=11392, stack(0x0000000022ed0000,0x0000000022fd0000)]
  0x000000001bdb0800 JavaThread "jar transforms Thread 2" [_thread_blocked, id=16760, stack(0x0000000022dd0000,0x0000000022ed0000)]
  0x000000001bdb3800 JavaThread "Build operations Thread 4" [_thread_blocked, id=4588, stack(0x0000000022cd0000,0x0000000022dd0000)]
  0x000000001bdb7000 JavaThread "Build operations Thread 3" [_thread_blocked, id=7120, stack(0x0000000022bd0000,0x0000000022cd0000)]
  0x000000001bdb6800 JavaThread "Build operations Thread 2" [_thread_blocked, id=5948, stack(0x0000000022ad0000,0x0000000022bd0000)]
  0x000000001bdb5800 JavaThread "Build operations" [_thread_blocked, id=16224, stack(0x00000000229d0000,0x0000000022ad0000)]
  0x000000001ba2c000 JavaThread "Cache worker for file content cache (C:\Users\Home\.gradle\caches\6.5\fileContent)" [_thread_blocked, id=11064, stack(0x00000000222d0000,0x00000000223d0000)]
  0x000000001ba2a800 JavaThread "jar transforms" [_thread_blocked, id=16404, stack(0x00000000221d0000,0x00000000222d0000)]
  0x000000001ba26800 JavaThread "Cache worker for execution history cache (C:\Users\Home\.gradle\caches\6.5\executionHistory)" [_thread_blocked, id=5952, stack(0x00000000218d0000,0x00000000219d0000)]
  0x000000001ba29000 JavaThread "Cache worker for file hash cache (C:\Users\Home\.gradle\caches\6.5\fileHashes)" [_thread_blocked, id=12316, stack(0x000000001df00000,0x000000001e000000)]
  0x000000001ba2c800 JavaThread "File lock request listener" [_thread_in_native, id=9972, stack(0x000000001de00000,0x000000001df00000)]
  0x000000001b89c000 JavaThread "Cache worker for journal cache (C:\Users\Home\.gradle\caches\journal-1)" [_thread_blocked, id=9980, stack(0x000000001dc00000,0x000000001dd00000)]
  0x000000001b7cd000 JavaThread "Thread-9" [_thread_blocked, id=13764, stack(0x000000001d900000,0x000000001da00000)]
  0x000000001b7c8000 JavaThread "Stdin handler" [_thread_blocked, id=11744, stack(0x000000001d800000,0x000000001d900000)]
  0x000000001b7be800 JavaThread "Daemon worker" [_thread_in_native, id=10220, stack(0x000000001d600000,0x000000001d700000)]
  0x000000001b78b000 JavaThread "Cancel handler" [_thread_blocked, id=1668, stack(0x000000001d500000,0x000000001d600000)]
  0x000000001b77a000 JavaThread "Handler for socket connection from /127.0.0.1:61670 to /127.0.0.1:61671" [_thread_blocked, id=16304, stack(0x000000001d400000,0x000000001d500000)]
  0x000000001b763800 JavaThread "Daemon" [_thread_blocked, id=13236, stack(0x000000001d100000,0x000000001d200000)]
  0x000000001b75a800 JavaThread "Daemon periodic checks" [_thread_blocked, id=9536, stack(0x000000001d000000,0x000000001d100000)]
  0x000000001b70a800 JavaThread "Incoming local TCP Connector on port 61670" [_thread_in_native, id=11012, stack(0x000000001cdc0000,0x000000001cec0000)]
  0x000000001b68c800 JavaThread "Daemon health stats" [_thread_blocked, id=17860, stack(0x000000001c780000,0x000000001c880000)]
  0x0000000017eed800 JavaThread "Service Thread" daemon [_thread_blocked, id=2068, stack(0x0000000019be0000,0x0000000019ce0000)]
  0x0000000017ea6000 JavaThread "C1 CompilerThread2" daemon [_thread_blocked, id=14996, stack(0x00000000196e0000,0x00000000197e0000)]
=>0x0000000017e9d000 JavaThread "C2 CompilerThread1" daemon [_thread_in_native, id=8276, stack(0x00000000195e0000,0x00000000196e0000)]
  0x0000000017e91800 JavaThread "C2 CompilerThread0" daemon [_thread_blocked, id=14244, stack(0x00000000194e0000,0x00000000195e0000)]
  0x0000000017e90800 JavaThread "Attach Listener" daemon [_thread_blocked, id=18168, stack(0x00000000193e0000,0x00000000194e0000)]
  0x0000000017e95000 JavaThread "Signal Dispatcher" daemon [_thread_blocked, id=13184, stack(0x00000000192e0000,0x00000000193e0000)]
  0x000000000326b000 JavaThread "Finalizer" daemon [_thread_blocked, id=13688, stack(0x00000000190e0000,0x00000000191e0000)]
  0x0000000017e79000 JavaThread "Reference Handler" daemon [_thread_blocked, id=7408, stack(0x0000000018fe0000,0x00000000190e0000)]
  0x000000000183d800 JavaThread "main" [_thread_blocked, id=17444, stack(0x0000000003070000,0x0000000003170000)]

Other Threads:
  0x0000000017e56800 VMThread [stack: 0x0000000018ee0000,0x0000000018fe0000] [id=2672]
  0x0000000017eee000 WatcherThread [stack: 0x0000000019ce0000,0x0000000019de0000] [id=3216]

VM state:not at safepoint (normal execution)

VM Mutex/Monitor currently owned by a thread: None

OutOfMemory and StackOverflow Exception counts:
OutOfMemoryError java_heap_errors=1

heap address: 0x0000000080000000, size: 2048 MB, Compressed Oops mode: 32-bit
Narrow klass base: 0x0000000000000000, Narrow klass shift: 3
Compressed class space size: 1073741824 Address: 0x0000000100000000

Heap:
 PSYoungGen      total 193024K, used 77204K [0x00000000d5580000, 0x00000000e5800000, 0x0000000100000000)
  eden space 179712K, 35% used [0x00000000d5580000,0x00000000d93e9950,0x00000000e0500000)
  from space 13312K, 99% used [0x00000000e0500000,0x00000000e11fb878,0x00000000e1200000)
  to   space 22528K, 0% used [0x00000000e4200000,0x00000000e4200000,0x00000000e5800000)
 ParOldGen       total 51712K, used 39302K [0x0000000080000000, 0x0000000083280000, 0x00000000d5580000)
  object space 51712K, 76% used [0x0000000080000000,0x0000000082661880,0x0000000083280000)
 Metaspace       used 65640K, capacity 68804K, committed 69016K, reserved 1107968K
  class space    used 9038K, capacity 9645K, committed 9648K, reserved 1048576K

Card table byte_map: [0x0000000012630000,0x0000000012a40000] byte_map_base: 0x0000000012230000

Marking Bits: (ParMarkBitMap*) 0x000000006014f030
 Begin Bits: [0x00000000130f0000, 0x00000000150f0000)
 End Bits:   [0x00000000150f0000, 0x00000000170f0000)

Polling page: 0x0000000000ff0000

CodeCache: size=245760Kb used=22364Kb max_used=22455Kb free=223395Kb
 bounds [0x0000000003270000, 0x0000000004880000, 0x0000000012270000]
 total_blobs=7937 nmethods=7147 adapters=702
 compilation: enabled

Compilation events (10 events):
Event: 49.626 Thread 0x0000000017ea6000 nmethod 8156 0x0000000003d48390 code [0x0000000003d48560, 0x0000000003d48d58]
Event: 49.650 Thread 0x0000000017ea6000 8157       3       java.util.concurrent.ConcurrentLinkedQueue$Itr::advance (123 bytes)
Event: 49.652 Thread 0x0000000017ea6000 nmethod 8157 0x0000000003d477d0 code [0x0000000003d47980, 0x0000000003d480a8]
Event: 49.652 Thread 0x0000000017ea6000 8159       3       java.util.AbstractQueue::clear (11 bytes)
Event: 49.653 Thread 0x0000000017ea6000 nmethod 8159 0x0000000003d45410 code [0x0000000003d45580, 0x0000000003d45848]
Event: 49.653 Thread 0x0000000017ea6000 8158       3       java.util.concurrent.ConcurrentLinkedQueue$Itr::hasNext (13 bytes)
Event: 49.653 Thread 0x0000000017ea6000 nmethod 8158 0x000000000340c8d0 code [0x000000000340ca20, 0x000000000340cbd0]
Event: 49.653 Thread 0x0000000017ea6000 8160  s!   3       org.gradle.internal.service.DefaultServiceRegistry$ManagedObjectServiceProvider::stop (59 bytes)
Event: 49.656 Thread 0x0000000017ea6000 nmethod 8160 0x0000000003d46210 code [0x0000000003d46440, 0x0000000003d470b8]
Event: 49.658 Thread 0x0000000017e91800 8161       4       com.google.common.cache.LocalCache$Segment::preWriteCleanup (6 bytes)

GC Heap History (10 events):
Event: 11.561 GC heap before
{Heap before GC invocations=12 (full 2):
 PSYoungGen      total 191488K, used 8313K [0x00000000d5580000, 0x00000000e1f00000, 0x0000000100000000)
  eden space 179712K, 0% used [0x00000000d5580000,0x00000000d5580000,0x00000000e0500000)
  from space 11776K, 70% used [0x00000000e1380000,0x00000000e1b9e740,0x00000000e1f00000)
  to   space 13312K, 0% used [0x00000000e0500000,0x00000000e0500000,0x00000000e1200000)
 ParOldGen       total 34304K, used 12995K [0x0000000080000000, 0x0000000082180000, 0x00000000d5580000)
  object space 34304K, 37% used [0x0000000080000000,0x0000000080cb0df8,0x0000000082180000)
 Metaspace       used 34367K, capacity 35420K, committed 35496K, reserved 1079296K
  class space    used 4732K, capacity 5003K, committed 5040K, reserved 1048576K
Event: 11.717 GC heap after
Heap after GC invocations=12 (full 2):
 PSYoungGen      total 191488K, used 0K [0x00000000d5580000, 0x00000000e1f00000, 0x0000000100000000)
  eden space 179712K, 0% used [0x00000000d5580000,0x00000000d5580000,0x00000000e0500000)
  from space 11776K, 0% used [0x00000000e1380000,0x00000000e1380000,0x00000000e1f00000)
  to   space 13312K, 0% used [0x00000000e0500000,0x00000000e0500000,0x00000000e1200000)
 ParOldGen       total 51712K, used 14666K [0x0000000080000000, 0x0000000083280000, 0x00000000d5580000)
  object space 51712K, 28% used [0x0000000080000000,0x0000000080e52920,0x0000000083280000)
 Metaspace       used 34367K, capacity 35420K, committed 35496K, reserved 1079296K
  class space    used 4732K, capacity 5003K, committed 5040K, reserved 1048576K
}
Event: 20.079 GC heap before
{Heap before GC invocations=13 (full 2):
 PSYoungGen      total 191488K, used 179712K [0x00000000d5580000, 0x00000000e1f00000, 0x0000000100000000)
  eden space 179712K, 100% used [0x00000000d5580000,0x00000000e0500000,0x00000000e0500000)
  from space 11776K, 0% used [0x00000000e1380000,0x00000000e1380000,0x00000000e1f00000)
  to   space 13312K, 0% used [0x00000000e0500000,0x00000000e0500000,0x00000000e1200000)
 ParOldGen       total 51712K, used 14666K [0x0000000080000000, 0x0000000083280000, 0x00000000d5580000)
  object space 51712K, 28% used [0x0000000080000000,0x0000000080e52920,0x0000000083280000)
 Metaspace       used 44439K, capacity 46184K, committed 46376K, reserved 1089536K
  class space    used 6036K, capacity 6380K, committed 6448K, reserved 1048576K
Event: 20.112 GC heap after
Heap after GC invocations=13 (full 2):
 PSYoungGen      total 193024K, used 13283K [0x00000000d5580000, 0x00000000e5280000, 0x0000000100000000)
  eden space 179712K, 0% used [0x00000000d5580000,0x00000000d5580000,0x00000000e0500000)
  from space 13312K, 99% used [0x00000000e0500000,0x00000000e11f8ed8,0x00000000e1200000)
  to   space 15360K, 0% used [0x00000000e4380000,0x00000000e4380000,0x00000000e5280000)
 ParOldGen       total 51712K, used 14986K [0x0000000080000000, 0x0000000083280000, 0x00000000d5580000)
  object space 51712K, 28% used [0x0000000080000000,0x0000000080ea2a80,0x0000000083280000)
 Metaspace       used 44439K, capacity 46184K, committed 46376K, reserved 1089536K
  class space    used 6036K, capacity 6380K, committed 6448K, reserved 1048576K
}
Event: 24.985 GC heap before
{Heap before GC invocations=14 (full 2):
 PSYoungGen      total 193024K, used 164115K [0x00000000d5580000, 0x00000000e5280000, 0x0000000100000000)
  eden space 179712K, 83% used [0x00000000d5580000,0x00000000de8cbee0,0x00000000e0500000)
  from space 13312K, 99% used [0x00000000e0500000,0x00000000e11f8ed8,0x00000000e1200000)
  to   space 15360K, 0% used [0x00000000e4380000,0x00000000e4380000,0x00000000e5280000)
 ParOldGen       total 51712K, used 14986K [0x0000000080000000, 0x0000000083280000, 0x00000000d5580000)
  object space 51712K, 28% used [0x0000000080000000,0x0000000080ea2a80,0x0000000083280000)
 Metaspace       used 56819K, capacity 59110K, committed 59160K, reserved 1099776K
  class space    used 7770K, capacity 8232K, committed 8240K, reserved 1048576K
Event: 25.127 GC heap after
Heap after GC invocations=14 (full 2):
 PSYoungGen      total 195072K, used 15350K [0x00000000d5580000, 0x00000000e5280000, 0x0000000100000000)
  eden space 179712K, 0% used [0x00000000d5580000,0x00000000d5580000,0x00000000e0500000)
  from space 15360K, 99% used [0x00000000e4380000,0x00000000e527d970,0x00000000e5280000)
  to   space 13312K, 0% used [0x00000000e0500000,0x00000000e0500000,0x00000000e1200000)
 ParOldGen       total 51712K, used 24398K [0x0000000080000000, 0x0000000083280000, 0x00000000d5580000)
  object space 51712K, 47% used [0x0000000080000000,0x00000000817d3b40,0x0000000083280000)
 Metaspace       used 56819K, capacity 59110K, committed 59160K, reserved 1099776K
  class space    used 7770K, capacity 8232K, committed 8240K, reserved 1048576K
}
Event: 25.127 GC heap before
{Heap before GC invocations=15 (full 3):
 PSYoungGen      total 195072K, used 15350K [0x00000000d5580000, 0x00000000e5280000, 0x0000000100000000)
  eden space 179712K, 0% used [0x00000000d5580000,0x00000000d5580000,0x00000000e0500000)
  from space 15360K, 99% used [0x00000000e4380000,0x00000000e527d970,0x00000000e5280000)
  to   space 13312K, 0% used [0x00000000e0500000,0x00000000e0500000,0x00000000e1200000)
 ParOldGen       total 51712K, used 24398K [0x0000000080000000, 0x0000000083280000, 0x00000000d5580000)
  object space 51712K, 47% used [0x0000000080000000,0x00000000817d3b40,0x0000000083280000)
 Metaspace       used 56819K, capacity 59110K, committed 59160K, reserved 1099776K
  class space    used 7770K, capacity 8232K, committed 8240K, reserved 1048576K
Event: 25.668 GC heap after
Heap after GC invocations=15 (full 3):
 PSYoungGen      total 195072K, used 0K [0x00000000d5580000, 0x00000000e5280000, 0x0000000100000000)
  eden space 179712K, 0% used [0x00000000d5580000,0x00000000d5580000,0x00000000e0500000)
  from space 15360K, 0% used [0x00000000e4380000,0x00000000e4380000,0x00000000e5280000)
  to   space 13312K, 0% used [0x00000000e0500000,0x00000000e0500000,0x00000000e1200000)
 ParOldGen       total 51712K, used 36388K [0x0000000080000000, 0x0000000083280000, 0x00000000d5580000)
  object space 51712K, 70% used [0x0000000080000000,0x0000000082389358,0x0000000083280000)
 Metaspace       used 56809K, capacity 59074K, committed 59160K, reserved 1099776K
  class space    used 7767K, capacity 8226K, committed 8240K, reserved 1048576K
}
Event: 45.659 GC heap before
{Heap before GC invocations=16 (full 3):
 PSYoungGen      total 195072K, used 179712K [0x00000000d5580000, 0x00000000e5280000, 0x0000000100000000)
  eden space 179712K, 100% used [0x00000000d5580000,0x00000000e0500000,0x00000000e0500000)
  from space 15360K, 0% used [0x00000000e4380000,0x00000000e4380000,0x00000000e5280000)
  to   space 13312K, 0% used [0x00000000e0500000,0x00000000e0500000,0x00000000e1200000)
 ParOldGen       total 51712K, used 36388K [0x0000000080000000, 0x0000000083280000, 0x00000000d5580000)
  object space 51712K, 70% used [0x0000000080000000,0x0000000082389358,0x0000000083280000)
 Metaspace       used 63803K, capacity 66796K, committed 66968K, reserved 1107968K
  class space    used 8783K, capacity 9369K, committed 9392K, reserved 1048576K
Event: 45.714 GC heap after
Heap after GC invocations=16 (full 3):
 PSYoungGen      total 193024K, used 13294K [0x00000000d5580000, 0x00000000e5800000, 0x0000000100000000)
  eden space 179712K, 0% used [0x00000000d5580000,0x00000000d5580000,0x00000000e0500000)
  from space 13312K, 99% used [0x00000000e0500000,0x00000000e11fb878,0x00000000e1200000)
  to   space 22528K, 0% used [0x00000000e4200000,0x00000000e4200000,0x00000000e5800000)
 ParOldGen       total 51712K, used 39302K [0x0000000080000000, 0x0000000083280000, 0x00000000d5580000)
  object space 51712K, 76% used [0x0000000080000000,0x0000000082661880,0x0000000083280000)
 Metaspace       used 63803K, capacity 66796K, committed 66968K, reserved 1107968K
  class space    used 8783K, capacity 9369K, committed 9392K, reserved 1048576K
}

Deoptimization events (10 events):
Event: 49.474 Thread 0x000000001b7be800 Uncommon trap: reason=bimorphic action=maybe_recompile pc=0x00000000047e80ac method=com.google.common.cache.LocalCache$Segment.get(Ljava/lang/Object;I)Ljava/lang/Object; @ 44
Event: 49.649 Thread 0x000000001ba29800 Uncommon trap: reason=class_check action=maybe_recompile pc=0x000000000394adf8 method=java.util.concurrent.locks.ReentrantLock.lock()V @ 4
Event: 49.650 Thread 0x000000001b7be800 Uncommon trap: reason=class_check action=maybe_recompile pc=0x00000000039df38c method=java.util.HashMap.removeNode(ILjava/lang/Object;Ljava/lang/Object;ZZ)Ljava/util/HashMap$Node; @ 68
Event: 49.652 Thread 0x000000001ab17800 Uncommon trap: reason=class_check action=maybe_recompile pc=0x000000000394adf8 method=java.util.concurrent.locks.ReentrantLock.lock()V @ 4
Event: 49.653 Thread 0x000000001b7be800 Uncommon trap: reason=class_check action=maybe_recompile pc=0x00000000039df38c method=java.util.HashMap.removeNode(ILjava/lang/Object;Ljava/lang/Object;ZZ)Ljava/util/HashMap$Node; @ 68
Event: 49.654 Thread 0x000000001ab16000 Uncommon trap: reason=class_check action=maybe_recompile pc=0x000000000394adf8 method=java.util.concurrent.locks.ReentrantLock.lock()V @ 4
Event: 49.654 Thread 0x000000001b7be800 Uncommon trap: reason=unstable_if action=reinterpret pc=0x000000000440049c method=java.util.HashMap$HashIterator.<init>(Ljava/util/HashMap;)V @ 45
Event: 49.657 Thread 0x000000001b7be800 Uncommon trap: reason=class_check action=maybe_recompile pc=0x00000000039df408 method=java.util.HashMap.removeNode(ILjava/lang/Object;Ljava/lang/Object;ZZ)Ljava/util/HashMap$Node; @ 143
Event: 49.658 Thread 0x000000001eaf6800 Uncommon trap: reason=class_check action=maybe_recompile pc=0x000000000394adf8 method=java.util.concurrent.locks.ReentrantLock.lock()V @ 4
Event: 49.658 Thread 0x000000001b7be800 Uncommon trap: reason=null_check action=make_not_entrant pc=0x00000000037c3168 method=java.lang.ThreadLocal$ThreadLocalMap.getEntryAfterMiss(Ljava/lang/ThreadLocal;ILjava/lang/ThreadLocal$ThreadLocalMap$Entry;)Ljava/lang/ThreadLocal$ThreadLocalMap$Entry; 

Classes redefined (0 events):
No events

Internal exceptions (10 events):
Event: 47.591 Thread 0x000000001eafb800 Exception <a 'java/lang/NoSuchMethodError': <clinit>> (0x00000000d798dfc0) thrown at [C:\src\AOSP-openjdk-git\hotspot\src\share\vm\prims\jni.cpp, line 1615]
Event: 47.593 Thread 0x000000001eafb800 Exception <a 'java/lang/NoSuchMethodError': <clinit>> (0x00000000d79a1698) thrown at [C:\src\AOSP-openjdk-git\hotspot\src\share\vm\prims\jni.cpp, line 1615]
Event: 47.609 Thread 0x000000001eafb800 Exception <a 'java/lang/NoSuchMethodError': <clinit>> (0x00000000d79dbf40) thrown at [C:\src\AOSP-openjdk-git\hotspot\src\share\vm\prims\jni.cpp, line 1615]
Event: 48.026 Thread 0x000000001bdb7000 Implicit null exception at 0x0000000004850c63 to 0x000000000485110d
Event: 48.692 Thread 0x000000001eaf7000 Exception <a 'java/lang/OutOfMemoryError'> (0x00000000d84e9cc8) thrown at [C:\src\AOSP-openjdk-git\hotspot\src\share\vm\prims\unsafe.cpp, line 618]
Event: 48.753 Thread 0x000000001b7cd000 Exception <a 'java/lang/NoSuchMethodError': <clinit>> (0x00000000d8a7a378) thrown at [C:\src\AOSP-openjdk-git\hotspot\src\share\vm\prims\jni.cpp, line 1615]
Event: 48.790 Thread 0x000000001b7cd000 Exception <a 'java/lang/NoSuchMethodError': <clinit>> (0x00000000d8a9d880) thrown at [C:\src\AOSP-openjdk-git\hotspot\src\share\vm\prims\jni.cpp, line 1615]
Event: 49.224 Thread 0x000000001b7bf800 Exception <a 'java/io/IOException'> (0x00000000d55fff98) thrown at [C:\src\AOSP-openjdk-git\hotspot\src\share\vm\prims\jni.cpp, line 710]
Event: 49.224 Thread 0x000000001b7be800 Implicit null exception at 0x000000000484342c to 0x0000000004843475
Event: 49.658 Thread 0x000000001b7be800 Implicit null exception at 0x00000000037c2ca7 to 0x00000000037c3149

Events (10 events):
Event: 49.658 Thread 0x000000001eaf6800 DEOPT PACKING pc=0x000000000394adf8 sp=0x000000002aaaee60
Event: 49.658 Thread 0x000000001eaf6800 DEOPT UNPACKING pc=0x00000000032b557b sp=0x000000002aaaee18 mode 2
Event: 49.658 Thread 0x000000001b7be800 Uncommon trap: trap_request=0xfffffff4 fr.pc=0x00000000037c3168
Event: 49.658 Thread 0x000000001b7be800 DEOPT PACKING pc=0x00000000037c3168 sp=0x000000001d6fcad0
Event: 49.658 Thread 0x000000001b7be800 DEOPT UNPACKING pc=0x00000000032b557b sp=0x000000001d6fc930 mode 2
Event: 49.658 Executing VM operation: RevokeBias
Event: 49.658 Executing VM operation: RevokeBias done
Event: 49.658 Thread 0x000000001eaf6800 Thread exited: 0x000000001eaf6800
Event: 49.658 Executing VM operation: RevokeBias
Event: 49.659 Executing VM operation: RevokeBias done


Dynamic libraries:
0x00007ff741890000 - 0x00007ff7418c1000 	C:\Program Files\Android\Android Studio\jre\bin\java.exe
0x00007ff9abc70000 - 0x00007ff9abe5d000 	C:\Windows\SYSTEM32\ntdll.dll
0x00007ff9a8e90000 - 0x00007ff9a8f43000 	C:\Windows\System32\KERNEL32.DLL
0x00007ff9a8620000 - 0x00007ff9a88b5000 	C:\Windows\System32\KERNELBASE.dll
0x00007ff9ab830000 - 0x00007ff9ab8d3000 	C:\Windows\System32\ADVAPI32.dll
0x00007ff9a9aa0000 - 0x00007ff9a9b3e000 	C:\Windows\System32\msvcrt.dll
0x00007ff9a9500000 - 0x00007ff9a959e000 	C:\Windows\System32\sechost.dll
0x00007ff9a8f50000 - 0x00007ff9a9072000 	C:\Windows\System32\RPCRT4.dll
0x00007ff9ab410000 - 0x00007ff9ab5a7000 	C:\Windows\System32\USER32.dll
0x00007ff9a8dd0000 - 0x00007ff9a8df0000 	C:\Windows\System32\win32u.dll
0x00007ff9a9b90000 - 0x00007ff9a9bb9000 	C:\Windows\System32\GDI32.dll
0x00007ff9a88c0000 - 0x00007ff9a8a59000 	C:\Windows\System32\gdi32full.dll
0x00007ff9a8df0000 - 0x00007ff9a8e90000 	C:\Windows\System32\msvcp_win.dll
0x00007ff9a8520000 - 0x00007ff9a861a000 	C:\Windows\System32\ucrtbase.dll
0x00007ff99ba00000 - 0x00007ff99bc79000 	C:\Windows\WinSxS\amd64_microsoft.windows.common-controls_6595b64144ccf1df_6.0.17763.1217_none_de6e4304534e0ad3\COMCTL32.dll
0x00007ff9a9770000 - 0x00007ff9a9a9c000 	C:\Windows\System32\combase.dll
0x00007ff9a7d30000 - 0x00007ff9a7dae000 	C:\Windows\System32\bcryptPrimitives.dll
0x00007ff9a9b60000 - 0x00007ff9a9b8e000 	C:\Windows\System32\IMM32.DLL
0x0000000060a00000 - 0x0000000060ad2000 	C:\Program Files\Android\Android Studio\jre\jre\bin\msvcr100.dll
0x000000005f980000 - 0x00000000601cb000 	C:\Program Files\Android\Android Studio\jre\jre\bin\server\jvm.dll
0x00007ff9ab8e0000 - 0x00007ff9ab8e8000 	C:\Windows\System32\PSAPI.DLL
0x00007ff9a46f0000 - 0x00007ff9a4714000 	C:\Windows\SYSTEM32\WINMM.dll
0x00007ff999f20000 - 0x00007ff999f2a000 	C:\Windows\SYSTEM32\VERSION.dll
0x00007ff9a08e0000 - 0x00007ff9a08e9000 	C:\Windows\SYSTEM32\WSOCK32.dll
0x00007ff9a95a0000 - 0x00007ff9a960d000 	C:\Windows\System32\WS2_32.dll
0x00007ff9a46c0000 - 0x00007ff9a46ed000 	C:\Windows\SYSTEM32\winmmbase.dll
0x00007ff9a8d80000 - 0x00007ff9a8dca000 	C:\Windows\System32\cfgmgr32.dll
0x00007ff9a08b0000 - 0x00007ff9a08bf000 	C:\Program Files\Android\Android Studio\jre\jre\bin\verify.dll
0x00007ff991e70000 - 0x00007ff991e99000 	C:\Program Files\Android\Android Studio\jre\jre\bin\java.dll
0x00007ff99f510000 - 0x00007ff99f526000 	C:\Program Files\Android\Android Studio\jre\jre\bin\zip.dll
0x00007ff9a9f10000 - 0x00007ff9ab404000 	C:\Windows\System32\SHELL32.dll
0x00007ff9a9d50000 - 0x00007ff9a9df8000 	C:\Windows\System32\shcore.dll
0x00007ff9a7dd0000 - 0x00007ff9a851e000 	C:\Windows\System32\windows.storage.dll
0x00007ff9a7ce0000 - 0x00007ff9a7d04000 	C:\Windows\System32\profapi.dll
0x00007ff9a7c80000 - 0x00007ff9a7cdd000 	C:\Windows\System32\powrprof.dll
0x00007ff9ab7c0000 - 0x00007ff9ab812000 	C:\Windows\System32\shlwapi.dll
0x00007ff9a7d10000 - 0x00007ff9a7d21000 	C:\Windows\System32\kernel.appcore.dll
0x00007ff9a7db0000 - 0x00007ff9a7dc7000 	C:\Windows\System32\cryptsp.dll
0x00007ff997b80000 - 0x00007ff997b9a000 	C:\Program Files\Android\Android Studio\jre\jre\bin\net.dll
0x00007ff9a70f0000 - 0x00007ff9a7157000 	C:\Windows\system32\mswsock.dll
0x00007ff9970f0000 - 0x00007ff997103000 	C:\Program Files\Android\Android Studio\jre\jre\bin\nio.dll
0x00007ff991410000 - 0x00007ff991437000 	C:\Users\Home\.gradle\native\f6784746aeab05261644944871eae4fe03e0ef1612fff0a4a95f87b438bc6780\windows-amd64\native-platform.dll
0x00007ff9a08a0000 - 0x00007ff9a08ad000 	C:\Program Files\Android\Android Studio\jre\jre\bin\management.dll
0x00007ff9a6c70000 - 0x00007ff9a6ca3000 	C:\Windows\system32\rsaenh.dll
0x00007ff9a8ac0000 - 0x00007ff9a8ae6000 	C:\Windows\System32\bcrypt.dll
0x00007ff9a7b60000 - 0x00007ff9a7b88000 	C:\Windows\SYSTEM32\USERENV.dll
0x00007ff9a72c0000 - 0x00007ff9a72cc000 	C:\Windows\SYSTEM32\CRYPTBASE.dll
0x00007ff9a6e10000 - 0x00007ff9a6e4d000 	C:\Windows\SYSTEM32\IPHLPAPI.DLL
0x00007ff9ab820000 - 0x00007ff9ab828000 	C:\Windows\System32\NSI.dll
0x00007ff99cbe0000 - 0x00007ff99cbf6000 	C:\Windows\SYSTEM32\dhcpcsvc6.DLL
0x00007ff99cee0000 - 0x00007ff99cefc000 	C:\Windows\SYSTEM32\dhcpcsvc.DLL
0x00007ff9a6e90000 - 0x00007ff9a6f57000 	C:\Windows\SYSTEM32\DNSAPI.dll
0x00007ff99e330000 - 0x00007ff99e33b000 	C:\Windows\SYSTEM32\WINNSI.DLL

VM Arguments:
jvm_args: -Xmx2048m -Dfile.encoding=UTF-8 -Duser.country=IN -Duser.language=en -Duser.variant 
java_command: org.gradle.launcher.daemon.bootstrap.GradleDaemon 6.5
java_class_path (initial): C:\Users\Home\.gradle\wrapper\dists\gradle-6.5-bin\6nifqtx7604sqp1q6g8wikw7p\gradle-6.5\lib\gradle-launcher-6.5.jar
Launcher Type: SUN_STANDARD

Environment Variables:
JAVA_HOME=C:\Program Files\Java\jdk-14
PATH=C:\Program Files (x86)\Common Files\Oracle\Java\javapath;C:\ProgramData\Anaconda3;C:\ProgramData\Anaconda3\Library\mingw-w64\bin;C:\ProgramData\Anaconda3\Library\bin;C:\ProgramData\Anaconda3\Scripts;C:\Windows\system32;C:\Windows;C:\Windows\System32\Wbem;C:\Windows\System32\WindowsPowerShell\v1.0\;C:\Windows\System32\OpenSSH\;C:\Program Files\Java\jdk-14\bin;C:\Program Files\Git\cmd;C:\Users\Home\AppData\Local\Programs\Python\Python37-32\Scripts\;C:\Users\Home\AppData\Local\Programs\Python\Python37-32\;C:\Users\Home\AppData\Local\Microsoft\WindowsApps;
USERNAME=Home
OS=Windows_NT
PROCESSOR_IDENTIFIER=Intel64 Family 6 Model 69 Stepping 1, GenuineIntel



---------------  S Y S T E M  ---------------

OS: Windows 10.0 , 64 bit Build 17763 (10.0.17763.1158)

CPU:total 4 (initial active 4) (2 cores per cpu, 2 threads per core) family 6 model 69 stepping 1, cmov, cx8, fxsr, mmx, sse, sse2, sse3, ssse3, sse4.1, sse4.2, popcnt, avx, avx2, aes, clmul, erms, lzcnt, ht, tsc, tscinvbit, bmi1, bmi2

Memory: 4k page, physical 4129068k(313888k free), swap 7201068k(5208k free)

vm_info: OpenJDK 64-Bit Server VM (25.242-b01) for windows-amd64 JRE (1.8.0_242-release-1644-b01), built by "builder" with MS VC++ 10.0 (VS2010)

time: Thu Dec 03 10:31:38 2020
timezone: India Standard Time
elapsed time: 49 seconds (0d 0h 0m 49s)

