#
# There is insufficient memory for the Java Runtime Environment to continue.
# Native memory allocation (malloc) failed to allocate 3092496 bytes for Chunk::new
# Possible reasons:
#   The system is out of physical RAM or swap space
#   The process is running with CompressedOops enabled, and the Java Heap may be blocking the growth of the native heap
# Possible solutions:
#   Reduce memory load on the system
#   Increase physical memory or swap space
#   Check if swap backing store is full
#   Decrease Java heap size (-Xmx/-Xms)
#   Decrease number of Java threads
#   Decrease Java thread stack sizes (-Xss)
#   Set larger code cache with -XX:ReservedCodeCacheSize=
#   JVM is running with Unscaled Compressed Oops mode in which the Java heap is
#     placed in the first 4GB address space. The Java Heap base address is the
#     maximum limit for the native heap growth. Please use -XX:HeapBaseMinAddress
#     to set the Java Heap base and to place the Java Heap above 4GB virtual address.
# This output file may be truncated or incomplete.
#
#  Out of Memory Error (allocation.cpp:389), pid=13084, tid=0x00000000000009a0
#
# JRE version: OpenJDK Runtime Environment (8.0_242-b01) (build 1.8.0_242-release-1644-b01)
# Java VM: OpenJDK 64-Bit Server VM (25.242-b01 mixed mode windows-amd64 compressed oops)
# Failed to write core dump. Minidumps are not enabled by default on client versions of Windows
#

---------------  T H R E A D  ---------------

Current thread (0x0000000017b31800):  JavaThread "C2 CompilerThread0" daemon [_thread_in_native, id=2464, stack(0x0000000019190000,0x0000000019290000)]

Stack: [0x0000000019190000,0x0000000019290000]
[error occurred during error reporting (printing stack bounds), id 0xc0000005]

Native frames: (J=compiled Java code, j=interpreted, Vv=VM code, C=native code)


Current CompileTask:
C2: 749611 14109 % !   4       com.android.tools.r8.dex.r::c @ 463 (2729 bytes)


---------------  P R O C E S S  ---------------

Java Threads: ( => current thread )
  0x000000001f0a4800 JavaThread "WorkerExecutor Queue" [_thread_blocked, id=2864, stack(0x0000000032a70000,0x0000000032b70000)]
  0x000000001f09c000 JavaThread "Cache worker for execution history cache (C:\Users\Home\AndroidStudioProjects\FinalCalcuG\.gradle\6.5\executionHistory)" [_thread_blocked, id=2056, stack(0x0000000032970000,0x0000000032a70000)]
  0x000000001f0a2000 JavaThread "Execution worker for ':' Thread 3" [_thread_blocked, id=2172, stack(0x0000000032870000,0x0000000032970000)]
  0x000000001f0a3000 JavaThread "Execution worker for ':' Thread 2" [_thread_blocked, id=13644, stack(0x0000000032770000,0x0000000032870000)]
  0x000000001f09a800 JavaThread "Execution worker for ':'" [_thread_blocked, id=8448, stack(0x0000000032670000,0x0000000032770000)]
  0x000000001f09a000 JavaThread "Cache worker for file content cache (C:\Users\Home\AndroidStudioProjects\FinalCalcuG\.gradle\6.5\fileContent)" [_thread_blocked, id=1744, stack(0x0000000032570000,0x0000000032670000)]
  0x000000001f09d000 JavaThread "pool-3-thread-1" [_thread_blocked, id=12248, stack(0x0000000032470000,0x0000000032570000)]
  0x000000001f0a0800 JavaThread "Cache worker for Build Output Cleanup Cache (C:\Users\Home\AndroidStudioProjects\FinalCalcuG\.gradle\buildOutputCleanup)" [_thread_blocked, id=11868, stack(0x0000000032370000,0x0000000032470000)]
  0x000000001f099000 JavaThread "jar transforms Thread 184" [_thread_blocked, id=9328, stack(0x0000000032270000,0x0000000032370000)]
  0x000000001f09f000 JavaThread "jar transforms Thread 183" [_thread_blocked, id=4544, stack(0x0000000032170000,0x0000000032270000)]
  0x000000001f0a0000 JavaThread "jar transforms Thread 182" [_thread_blocked, id=11416, stack(0x0000000032070000,0x0000000032170000)]
  0x000000001f09e800 JavaThread "jar transforms Thread 181" [_thread_blocked, id=8808, stack(0x0000000031f70000,0x0000000032070000)]
  0x000000001f09d800 JavaThread "jar transforms Thread 180" [_thread_blocked, id=10332, stack(0x0000000031e70000,0x0000000031f70000)]
  0x000000001ef47800 JavaThread "jar transforms Thread 179" [_thread_blocked, id=3436, stack(0x0000000031d70000,0x0000000031e70000)]
  0x000000001ef46000 JavaThread "jar transforms Thread 178" [_thread_blocked, id=1180, stack(0x0000000031c70000,0x0000000031d70000)]
  0x000000001ef45800 JavaThread "jar transforms Thread 177" [_thread_blocked, id=10256, stack(0x0000000031b70000,0x0000000031c70000)]
  0x000000001ef44800 JavaThread "jar transforms Thread 176" [_thread_blocked, id=9160, stack(0x0000000031a70000,0x0000000031b70000)]
  0x000000001ef44000 JavaThread "jar transforms Thread 175" [_thread_blocked, id=4244, stack(0x0000000031970000,0x0000000031a70000)]
  0x000000001ef47000 JavaThread "jar transforms Thread 174" [_thread_blocked, id=11688, stack(0x0000000031870000,0x0000000031970000)]
  0x000000001ef3c800 JavaThread "jar transforms Thread 173" [_thread_blocked, id=8160, stack(0x0000000031770000,0x0000000031870000)]
  0x000000001ef43000 JavaThread "jar transforms Thread 172" [_thread_blocked, id=1496, stack(0x0000000031670000,0x0000000031770000)]
  0x000000001ef42800 JavaThread "jar transforms Thread 171" [_thread_blocked, id=11824, stack(0x0000000031570000,0x0000000031670000)]
  0x000000001ef3b000 JavaThread "jar transforms Thread 170" [_thread_blocked, id=9964, stack(0x0000000031470000,0x0000000031570000)]
  0x000000001ef41800 JavaThread "jar transforms Thread 169" [_thread_blocked, id=10372, stack(0x0000000031370000,0x0000000031470000)]
  0x000000001ef41000 JavaThread "jar transforms Thread 168" [_thread_blocked, id=13132, stack(0x0000000031270000,0x0000000031370000)]
  0x000000001ef39800 JavaThread "jar transforms Thread 167" [_thread_blocked, id=9748, stack(0x0000000031170000,0x0000000031270000)]
  0x000000001ef40000 JavaThread "jar transforms Thread 166" [_thread_blocked, id=10540, stack(0x0000000031070000,0x0000000031170000)]
  0x000000001ef38800 JavaThread "jar transforms Thread 165" [_thread_blocked, id=12860, stack(0x0000000030f70000,0x0000000031070000)]
  0x000000001ef3e800 JavaThread "jar transforms Thread 164" [_thread_blocked, id=9200, stack(0x0000000030e70000,0x0000000030f70000)]
  0x000000001ef3e000 JavaThread "jar transforms Thread 163" [_thread_blocked, id=3764, stack(0x0000000030d70000,0x0000000030e70000)]
  0x000000001ef3f800 JavaThread "jar transforms Thread 162" [_thread_blocked, id=1272, stack(0x0000000030c70000,0x0000000030d70000)]
  0x000000001ef3d000 JavaThread "jar transforms Thread 161" [_thread_blocked, id=5964, stack(0x0000000030b70000,0x0000000030c70000)]
  0x000000001ef3b800 JavaThread "jar transforms Thread 160" [_thread_blocked, id=5584, stack(0x0000000030a70000,0x0000000030b70000)]
  0x000000001ef3a000 JavaThread "jar transforms Thread 159" [_thread_blocked, id=7808, stack(0x0000000030970000,0x0000000030a70000)]
  0x000000001e1ed000 JavaThread "jar transforms Thread 158" [_thread_blocked, id=13212, stack(0x0000000030870000,0x0000000030970000)]
  0x000000001e1eb800 JavaThread "jar transforms Thread 157" [_thread_blocked, id=7892, stack(0x0000000030770000,0x0000000030870000)]
  0x000000001e1f1000 JavaThread "jar transforms Thread 156" [_thread_blocked, id=7432, stack(0x0000000030670000,0x0000000030770000)]
  0x000000001e1f0000 JavaThread "jar transforms Thread 155" [_thread_blocked, id=9072, stack(0x0000000030570000,0x0000000030670000)]
  0x000000001e1ef800 JavaThread "jar transforms Thread 154" [_thread_blocked, id=11392, stack(0x0000000030470000,0x0000000030570000)]
  0x000000001e1ee800 JavaThread "jar transforms Thread 153" [_thread_blocked, id=11384, stack(0x0000000030370000,0x0000000030470000)]
  0x000000001e1ee000 JavaThread "jar transforms Thread 152" [_thread_blocked, id=8240, stack(0x0000000030270000,0x0000000030370000)]
  0x000000001e1ec800 JavaThread "jar transforms Thread 151" [_thread_blocked, id=1300, stack(0x0000000030170000,0x0000000030270000)]
  0x000000001e1e4000 JavaThread "jar transforms Thread 150" [_thread_blocked, id=4212, stack(0x0000000030070000,0x0000000030170000)]
  0x000000001e1ea000 JavaThread "jar transforms Thread 149" [_thread_blocked, id=6156, stack(0x000000002ff70000,0x0000000030070000)]
  0x000000001e1eb000 JavaThread "jar transforms Thread 148" [_thread_blocked, id=3408, stack(0x000000002fe70000,0x000000002ff70000)]
  0x000000001e1e3800 JavaThread "jar transforms Thread 147" [_thread_blocked, id=9924, stack(0x000000002fd70000,0x000000002fe70000)]
  0x000000001e1e9800 JavaThread "jar transforms Thread 146" [_thread_blocked, id=7936, stack(0x000000002fc70000,0x000000002fd70000)]
  0x000000001e1e7000 JavaThread "jar transforms Thread 145" [_thread_blocked, id=12184, stack(0x000000002fb70000,0x000000002fc70000)]
  0x000000001e1e2800 JavaThread "jar transforms Thread 144" [_thread_blocked, id=10996, stack(0x000000002fa70000,0x000000002fb70000)]
  0x000000001e1e8800 JavaThread "jar transforms Thread 143" [_thread_blocked, id=10244, stack(0x000000002f970000,0x000000002fa70000)]
  0x000000001e1e6800 JavaThread "jar transforms Thread 142" [_thread_blocked, id=12780, stack(0x000000002f870000,0x000000002f970000)]
  0x000000001e1e5800 JavaThread "jar transforms Thread 141" [_thread_blocked, id=1988, stack(0x000000002f770000,0x000000002f870000)]
  0x000000001e1e8000 JavaThread "jar transforms Thread 140" [_thread_blocked, id=6788, stack(0x000000002f670000,0x000000002f770000)]
  0x000000001e1e2000 JavaThread "jar transforms Thread 139" [_thread_blocked, id=7624, stack(0x000000002f570000,0x000000002f670000)]
  0x000000001e1e5000 JavaThread "jar transforms Thread 138" [_thread_blocked, id=2260, stack(0x000000002f470000,0x000000002f570000)]
  0x000000001a42f000 JavaThread "jar transforms Thread 137" [_thread_blocked, id=13804, stack(0x000000002f370000,0x000000002f470000)]
  0x000000001a42c800 JavaThread "jar transforms Thread 136" [_thread_blocked, id=13112, stack(0x000000002f270000,0x000000002f370000)]
  0x000000001a42d800 JavaThread "jar transforms Thread 135" [_thread_blocked, id=12260, stack(0x000000002f170000,0x000000002f270000)]
  0x000000001a42c000 JavaThread "jar transforms Thread 134" [_thread_blocked, id=6464, stack(0x000000002f070000,0x000000002f170000)]
  0x000000001a42f800 JavaThread "jar transforms Thread 133" [_thread_blocked, id=12784, stack(0x000000002ef70000,0x000000002f070000)]
  0x000000001a42e000 JavaThread "jar transforms Thread 132" [_thread_blocked, id=8268, stack(0x000000002ee70000,0x000000002ef70000)]
  0x000000001a424800 JavaThread "jar transforms Thread 131" [_thread_blocked, id=4136, stack(0x000000002ed70000,0x000000002ee70000)]
  0x000000001a42b000 JavaThread "jar transforms Thread 130" [_thread_blocked, id=1436, stack(0x000000002ec70000,0x000000002ed70000)]
  0x000000001a42a800 JavaThread "jar transforms Thread 129" [_thread_blocked, id=6512, stack(0x000000002eb70000,0x000000002ec70000)]
  0x000000001a423000 JavaThread "jar transforms Thread 128" [_thread_blocked, id=13736, stack(0x000000002ea70000,0x000000002eb70000)]
  0x000000001a429800 JavaThread "jar transforms Thread 127" [_thread_blocked, id=8496, stack(0x000000002e970000,0x000000002ea70000)]
  0x000000001a429000 JavaThread "jar transforms Thread 126" [_thread_blocked, id=12700, stack(0x000000002e870000,0x000000002e970000)]
  0x000000001a421800 JavaThread "jar transforms Thread 125" [_thread_blocked, id=7240, stack(0x000000002e770000,0x000000002e870000)]
  0x000000001a422000 JavaThread "jar transforms Thread 124" [_thread_blocked, id=7048, stack(0x000000002e670000,0x000000002e770000)]
  0x000000001a426000 JavaThread "jar transforms Thread 123" [_thread_blocked, id=72, stack(0x000000002e570000,0x000000002e670000)]
  0x000000001a423800 JavaThread "jar transforms Thread 122" [_thread_blocked, id=3512, stack(0x000000002e470000,0x000000002e570000)]
  0x000000001a428000 JavaThread "jar transforms Thread 121" [_thread_blocked, id=11960, stack(0x000000002e370000,0x000000002e470000)]
  0x000000001a420800 JavaThread "jar transforms Thread 120" [_thread_blocked, id=7612, stack(0x000000002e270000,0x000000002e370000)]
  0x000000001a426800 JavaThread "jar transforms Thread 119" [_thread_blocked, id=3096, stack(0x000000002e170000,0x000000002e270000)]
  0x000000001a427800 JavaThread "jar transforms Thread 118" [_thread_blocked, id=9800, stack(0x000000002e070000,0x000000002e170000)]
  0x000000001a425000 JavaThread "jar transforms Thread 117" [_thread_blocked, id=12160, stack(0x000000002df70000,0x000000002e070000)]
  0x0000000019d4b000 JavaThread "jar transforms Thread 116" [_thread_blocked, id=1184, stack(0x000000002de70000,0x000000002df70000)]
  0x0000000019d48000 JavaThread "jar transforms Thread 115" [_thread_blocked, id=10872, stack(0x000000002dd70000,0x000000002de70000)]
  0x0000000019d4b800 JavaThread "jar transforms Thread 114" [_thread_blocked, id=9416, stack(0x000000002dc70000,0x000000002dd70000)]
  0x0000000019d46800 JavaThread "jar transforms Thread 113" [_thread_blocked, id=5740, stack(0x000000002db70000,0x000000002dc70000)]
  0x0000000019d45000 JavaThread "jar transforms Thread 112" [_thread_blocked, id=13672, stack(0x000000002da70000,0x000000002db70000)]
  0x0000000017b49800 JavaThread "jar transforms Thread 111" [_thread_blocked, id=1252, stack(0x000000002d970000,0x000000002da70000)]
  0x0000000017b48800 JavaThread "jar transforms Thread 110" [_thread_blocked, id=4440, stack(0x000000002d870000,0x000000002d970000)]
  0x0000000017b45800 JavaThread "jar transforms Thread 109" [_thread_blocked, id=2284, stack(0x000000002d770000,0x000000002d870000)]
  0x0000000017b4a000 JavaThread "jar transforms Thread 108" [_thread_blocked, id=5156, stack(0x000000002d670000,0x000000002d770000)]
  0x0000000017b48000 JavaThread "jar transforms Thread 107" [_thread_blocked, id=7944, stack(0x000000002d570000,0x000000002d670000)]
  0x000000001bd48000 JavaThread "jar transforms Thread 106" [_thread_blocked, id=14280, stack(0x000000002d470000,0x000000002d570000)]
  0x000000001bd47800 JavaThread "jar transforms Thread 105" [_thread_blocked, id=9992, stack(0x000000002d370000,0x000000002d470000)]
  0x000000001bd46800 JavaThread "jar transforms Thread 104" [_thread_blocked, id=1220, stack(0x000000002d270000,0x000000002d370000)]
  0x000000001bd46000 JavaThread "jar transforms Thread 103" [_thread_blocked, id=1896, stack(0x000000002d170000,0x000000002d270000)]
  0x000000001bd43000 JavaThread "jar transforms Thread 102" [_thread_blocked, id=6172, stack(0x000000002d070000,0x000000002d170000)]
  0x000000001bd3a800 JavaThread "jar transforms Thread 101" [_thread_blocked, id=2128, stack(0x000000002cf70000,0x000000002d070000)]
  0x000000001bd3c000 JavaThread "jar transforms Thread 100" [_thread_blocked, id=10548, stack(0x000000002ce70000,0x000000002cf70000)]
  0x000000001bd3a000 JavaThread "jar transforms Thread 99" [_thread_blocked, id=5660, stack(0x000000002cd70000,0x000000002ce70000)]
  0x000000001bd3b800 JavaThread "jar transforms Thread 98" [_thread_blocked, id=11936, stack(0x000000002cc70000,0x000000002cd70000)]
  0x000000001bd40000 JavaThread "jar transforms Thread 97" [_thread_blocked, id=5936, stack(0x000000002cb70000,0x000000002cc70000)]
  0x000000001bd3f000 JavaThread "jar transforms Thread 96" [_thread_blocked, id=7508, stack(0x000000002ca70000,0x000000002cb70000)]
  0x000000001bd3d000 JavaThread "jar transforms Thread 95" [_thread_blocked, id=14308, stack(0x000000002c970000,0x000000002ca70000)]
  0x000000001bd3d800 JavaThread "jar transforms Thread 94" [_thread_blocked, id=220, stack(0x000000002c870000,0x000000002c970000)]
  0x000000001bd40800 JavaThread "jar transforms Thread 93" [_thread_blocked, id=9228, stack(0x000000002c770000,0x000000002c870000)]
  0x000000001f4f2800 JavaThread "Build operations Thread 4" [_thread_blocked, id=11632, stack(0x000000002c670000,0x000000002c770000)]
  0x000000001f4ed800 JavaThread "Build operations Thread 3" [_thread_blocked, id=11220, stack(0x000000002c570000,0x000000002c670000)]
  0x000000001f4f1000 JavaThread "Build operations Thread 2" [_thread_blocked, id=2536, stack(0x000000002c470000,0x000000002c570000)]
  0x000000001f4f4000 JavaThread "Build operations" [_thread_blocked, id=12364, stack(0x000000002c370000,0x000000002c470000)]
  0x000000001f4ee000 JavaThread "Cache worker for cache directory md-rule (C:\Users\Home\.gradle\caches\6.5\md-rule)" [_thread_blocked, id=7460, stack(0x000000002c270000,0x000000002c370000)]
  0x000000001f4f0800 JavaThread "Cache worker for cache directory md-supplier (C:\Users\Home\.gradle\caches\6.5\md-supplier)" [_thread_blocked, id=1400, stack(0x000000002c170000,0x000000002c270000)]
  0x000000001f4ec800 JavaThread "Cache worker for checksums cache (C:\Users\Home\AndroidStudioProjects\FinalCalcuG\.gradle\checksums)" [_thread_blocked, id=12028, stack(0x000000002c070000,0x000000002c170000)]
  0x000000001f4f3800 JavaThread "Cache worker for file hash cache (C:\Users\Home\AndroidStudioProjects\FinalCalcuG\.gradle\6.5\fileHashes)" [_thread_blocked, id=7788, stack(0x000000002bf70000,0x000000002c070000)]
  0x000000001f4f2000 JavaThread "Thread-134" [_thread_blocked, id=12704, stack(0x000000002be70000,0x000000002bf70000)]
  0x000000001f4ef800 JavaThread "Stdin handler" [_thread_blocked, id=340, stack(0x000000002bd70000,0x000000002be70000)]
  0x000000001f4e5000 JavaThread "Asynchronous log dispatcher for DefaultDaemonConnection: socket connection from /127.0.0.1:52377 to /127.0.0.1:52894" [_thread_blocked, id=9712, stack(0x000000002bc70000,0x000000002bd70000)]
  0x000000001f4e6800 JavaThread "Daemon worker Thread 2" [_thread_in_Java, id=11356, stack(0x000000002bb70000,0x000000002bc70000)]
  0x000000001f4ec000 JavaThread "Cancel handler" [_thread_blocked, id=6540, stack(0x000000002ba70000,0x000000002bb70000)]
  0x000000001f4e9000 JavaThread "Handler for socket connection from /127.0.0.1:52377 to /127.0.0.1:52894" [_thread_in_native, id=6544, stack(0x000000002b970000,0x000000002ba70000)]
  0x000000001f4e8000 JavaThread "Daemon Thread 2" [_thread_blocked, id=7416, stack(0x000000002b870000,0x000000002b970000)]
  0x000000001bd42000 JavaThread "Cache worker for Java compile cache (C:\Users\Home\.gradle\caches\6.5\javaCompile)" [_thread_blocked, id=6868, stack(0x000000002a670000,0x000000002a770000)]
  0x000000001bd39000 JavaThread "Memory manager" [_thread_blocked, id=3612, stack(0x0000000029c70000,0x0000000029d70000)]
  0x0000000019d49800 JavaThread "Cache worker for file content cache (C:\Users\Home\.gradle\caches\6.5\fileContent)" [_thread_blocked, id=4856, stack(0x0000000021f20000,0x0000000022020000)]
  0x0000000017b4b000 JavaThread "Cache worker for execution history cache (C:\Users\Home\.gradle\caches\6.5\executionHistory)" [_thread_blocked, id=8016, stack(0x0000000021510000,0x0000000021610000)]
  0x0000000017b44000 JavaThread "Cache worker for file hash cache (C:\Users\Home\.gradle\caches\6.5\fileHashes)" [_thread_blocked, id=7372, stack(0x000000001dbb0000,0x000000001dcb0000)]
  0x0000000017b47000 JavaThread "File lock request listener" [_thread_in_native, id=3760, stack(0x000000001dab0000,0x000000001dbb0000)]
  0x000000001b8e9800 JavaThread "Cache worker for journal cache (C:\Users\Home\.gradle\caches\journal-1)" [_thread_blocked, id=3872, stack(0x000000001d8b0000,0x000000001d9b0000)]
  0x000000001b616000 JavaThread "Daemon periodic checks" [_thread_blocked, id=9372, stack(0x000000001d0b0000,0x000000001d1b0000)]
  0x000000001b5bf000 JavaThread "Incoming local TCP Connector on port 52377" [_thread_in_native, id=13660, stack(0x000000001ca70000,0x000000001cb70000)]
  0x000000001b508000 JavaThread "Daemon health stats" [_thread_blocked, id=13972, stack(0x000000001c430000,0x000000001c530000)]
  0x00000000194b8800 JavaThread "Service Thread" daemon [_thread_blocked, id=5576, stack(0x0000000019890000,0x0000000019990000)]
  0x0000000017b46800 JavaThread "C1 CompilerThread2" daemon [_thread_blocked, id=2880, stack(0x0000000019390000,0x0000000019490000)]
  0x0000000017b3c800 JavaThread "C2 CompilerThread1" daemon [_thread_blocked, id=1080, stack(0x0000000019290000,0x0000000019390000)]
=>0x0000000017b31800 JavaThread "C2 CompilerThread0" daemon [_thread_in_native, id=2464, stack(0x0000000019190000,0x0000000019290000)]
  0x0000000017b30000 JavaThread "Attach Listener" daemon [_thread_blocked, id=9804, stack(0x0000000019090000,0x0000000019190000)]
  0x0000000017b34800 JavaThread "Signal Dispatcher" daemon [_thread_blocked, id=3172, stack(0x0000000018f90000,0x0000000019090000)]
  0x0000000002e3b000 JavaThread "Finalizer" daemon [_thread_blocked, id=13508, stack(0x0000000018d90000,0x0000000018e90000)]
  0x0000000017b19000 JavaThread "Reference Handler" daemon [_thread_blocked, id=12964, stack(0x0000000018c90000,0x0000000018d90000)]
  0x000000000155d800 JavaThread "main" [_thread_blocked, id=5776, stack(0x0000000001450000,0x0000000001550000)]

Other Threads:
  0x0000000017af6800 VMThread [stack: 0x0000000018b90000,0x0000000018c90000] [id=10712]
  0x0000000017b8d000 WatcherThread [stack: 0x0000000019990000,0x0000000019a90000] [id=10616]

VM state:not at safepoint (normal execution)

VM Mutex/Monitor currently owned by a thread: None

OutOfMemory and StackOverflow Exception counts:
OutOfMemoryError java_heap_errors=1

heap address: 0x0000000080000000, size: 2048 MB, Compressed Oops mode: 32-bit
Narrow klass base: 0x0000000000000000, Narrow klass shift: 3
Compressed class space size: 1073741824 Address: 0x0000000100000000

Heap:
 PSYoungGen      total 202752K, used 176214K [0x00000000d5580000, 0x00000000e5a00000, 0x0000000100000000)
  eden space 159232K, 95% used [0x00000000d5580000,0x00000000de9f72f0,0x00000000df100000)
  from space 43520K, 55% used [0x00000000df100000,0x00000000e089e6f0,0x00000000e1b80000)
  to   space 44544K, 0% used [0x00000000e2e80000,0x00000000e2e80000,0x00000000e5a00000)
 ParOldGen       total 154624K, used 50055K [0x0000000080000000, 0x0000000089700000, 0x00000000d5580000)
  object space 154624K, 32% used [0x0000000080000000,0x00000000830e1de0,0x0000000089700000)
 Metaspace       used 84897K, capacity 89248K, committed 89496K, reserved 1126400K
  class space    used 11339K, capacity 12178K, committed 12208K, reserved 1048576K

Card table byte_map: [0x00000000122d0000,0x00000000126e0000] byte_map_base: 0x0000000011ed0000

Marking Bits: (ParMarkBitMap*) 0x00000000563ef030
 Begin Bits: [0x0000000012d90000, 0x0000000014d90000)
 End Bits:   [0x0000000014d90000, 0x0000000016d90000)

Polling page: 0x0000000001560000

CodeCache: size=245760Kb used=38022Kb max_used=38043Kb free=207737Kb
 bounds [0x0000000002f10000, 0x0000000005470000, 0x0000000011f10000]
 total_blobs=12673 nmethods=11835 adapters=749
 compilation: enabled

Compilation events (10 events):
Event: 748.830 Thread 0x0000000017b46800 nmethod 14165 0x0000000005445ad0 code [0x0000000005445c60, 0x0000000005445fd8]
Event: 748.855 Thread 0x0000000017b3c800 nmethod 14101 0x0000000005452b10 code [0x0000000005452e00, 0x0000000005454308]
Event: 748.855 Thread 0x0000000017b3c800 14138       4       com.android.tools.r8.dex.m::a (14 bytes)
Event: 748.859 Thread 0x0000000017b46800 14166       3       com.google.common.base.CaseFormat$5::normalizeWord (5 bytes)
Event: 748.860 Thread 0x0000000017b46800 nmethod 14166 0x0000000005445750 code [0x00000000054458c0, 0x0000000005445a48]
Event: 748.867 Thread 0x0000000017b3c800 nmethod 14138 0x0000000005455ed0 code [0x0000000005456060, 0x00000000054564e8]
Event: 748.868 Thread 0x0000000017b3c800 14116       4       com.android.tools.r8.dex.m::a (15 bytes)
Event: 748.923 Thread 0x0000000017b3c800 nmethod 14116 0x0000000005451ad0 code [0x0000000005451c60, 0x0000000005452148]
Event: 749.373 Thread 0x0000000017b46800 14167       3       org.gradle.api.internal.tasks.execution.ExecuteTaskBuildOperationDetails::getTask (8 bytes)
Event: 749.374 Thread 0x0000000017b46800 nmethod 14167 0x000000000313a550 code [0x000000000313a6a0, 0x000000000313a810]

GC Heap History (10 events):
Event: 86.410 GC heap before
{Heap before GC invocations=21 (full 3):
 PSYoungGen      total 163328K, used 163311K [0x00000000d5580000, 0x00000000e1900000, 0x0000000100000000)
  eden space 146432K, 100% used [0x00000000d5580000,0x00000000de480000,0x00000000de480000)
  from space 16896K, 99% used [0x00000000de480000,0x00000000df4fbd40,0x00000000df500000)
  to   space 21504K, 0% used [0x00000000e0400000,0x00000000e0400000,0x00000000e1900000)
 ParOldGen       total 98304K, used 39032K [0x0000000080000000, 0x0000000086000000, 0x00000000d5580000)
  object space 98304K, 39% used [0x0000000080000000,0x000000008261e320,0x0000000086000000)
 Metaspace       used 77595K, capacity 81364K, committed 81560K, reserved 1120256K
  class space    used 10667K, capacity 11410K, committed 11440K, reserved 1048576K
Event: 86.517 GC heap after
Heap after GC invocations=21 (full 3):
 PSYoungGen      total 168960K, used 21491K [0x00000000d5580000, 0x00000000e2d00000, 0x0000000100000000)
  eden space 147456K, 0% used [0x00000000d5580000,0x00000000d5580000,0x00000000de580000)
  from space 21504K, 99% used [0x00000000e0400000,0x00000000e18fcf70,0x00000000e1900000)
  to   space 31232K, 0% used [0x00000000de580000,0x00000000de580000,0x00000000e0400000)
 ParOldGen       total 98304K, used 54994K [0x0000000080000000, 0x0000000086000000, 0x00000000d5580000)
  object space 98304K, 55% used [0x0000000080000000,0x00000000835b4a30,0x0000000086000000)
 Metaspace       used 77595K, capacity 81364K, committed 81560K, reserved 1120256K
  class space    used 10667K, capacity 11410K, committed 11440K, reserved 1048576K
}
Event: 96.780 GC heap before
{Heap before GC invocations=22 (full 3):
 PSYoungGen      total 168960K, used 168947K [0x00000000d5580000, 0x00000000e2d00000, 0x0000000100000000)
  eden space 147456K, 100% used [0x00000000d5580000,0x00000000de580000,0x00000000de580000)
  from space 21504K, 99% used [0x00000000e0400000,0x00000000e18fcf70,0x00000000e1900000)
  to   space 31232K, 0% used [0x00000000de580000,0x00000000de580000,0x00000000e0400000)
 ParOldGen       total 98304K, used 54994K [0x0000000080000000, 0x0000000086000000, 0x00000000d5580000)
  object space 98304K, 55% used [0x0000000080000000,0x00000000835b4a30,0x0000000086000000)
 Metaspace       used 80484K, capacity 84758K, committed 84888K, reserved 1122304K
  class space    used 11067K, capacity 11865K, committed 11952K, reserved 1048576K
Event: 96.968 GC heap after
Heap after GC invocations=22 (full 3):
 PSYoungGen      total 178688K, used 31205K [0x00000000d5580000, 0x00000000e4b00000, 0x0000000100000000)
  eden space 147456K, 0% used [0x00000000d5580000,0x00000000d5580000,0x00000000de580000)
  from space 31232K, 99% used [0x00000000de580000,0x00000000e03f9400,0x00000000e0400000)
  to   space 45056K, 0% used [0x00000000e1f00000,0x00000000e1f00000,0x00000000e4b00000)
 ParOldGen       total 98304K, used 77815K [0x0000000080000000, 0x0000000086000000, 0x00000000d5580000)
  object space 98304K, 79% used [0x0000000080000000,0x0000000084bfdf28,0x0000000086000000)
 Metaspace       used 80484K, capacity 84758K, committed 84888K, reserved 1122304K
  class space    used 11067K, capacity 11865K, committed 11952K, reserved 1048576K
}
Event: 709.422 GC heap before
{Heap before GC invocations=23 (full 3):
 PSYoungGen      total 178688K, used 178661K [0x00000000d5580000, 0x00000000e4b00000, 0x0000000100000000)
  eden space 147456K, 100% used [0x00000000d5580000,0x00000000de580000,0x00000000de580000)
  from space 31232K, 99% used [0x00000000de580000,0x00000000e03f9400,0x00000000e0400000)
  to   space 45056K, 0% used [0x00000000e1f00000,0x00000000e1f00000,0x00000000e4b00000)
 ParOldGen       total 98304K, used 77815K [0x0000000080000000, 0x0000000086000000, 0x00000000d5580000)
  object space 98304K, 79% used [0x0000000080000000,0x0000000084bfdf28,0x0000000086000000)
 Metaspace       used 84484K, capacity 88872K, committed 88984K, reserved 1126400K
  class space    used 11344K, capacity 12188K, committed 12208K, reserved 1048576K
Event: 711.433 GC heap after
Heap after GC invocations=23 (full 3):
 PSYoungGen      total 199168K, used 5425K [0x00000000d5580000, 0x00000000e4600000, 0x0000000100000000)
  eden space 159232K, 0% used [0x00000000d5580000,0x00000000d5580000,0x00000000df100000)
  from space 39936K, 13% used [0x00000000e1f00000,0x00000000e244c668,0x00000000e4600000)
  to   space 43520K, 0% used [0x00000000df100000,0x00000000df100000,0x00000000e1b80000)
 ParOldGen       total 98304K, used 94308K [0x0000000080000000, 0x0000000086000000, 0x00000000d5580000)
  object space 98304K, 95% used [0x0000000080000000,0x0000000085c192d8,0x0000000086000000)
 Metaspace       used 84484K, capacity 88872K, committed 88984K, reserved 1126400K
  class space    used 11344K, capacity 12188K, committed 12208K, reserved 1048576K
}
Event: 711.434 GC heap before
{Heap before GC invocations=24 (full 4):
 PSYoungGen      total 199168K, used 5425K [0x00000000d5580000, 0x00000000e4600000, 0x0000000100000000)
  eden space 159232K, 0% used [0x00000000d5580000,0x00000000d5580000,0x00000000df100000)
  from space 39936K, 13% used [0x00000000e1f00000,0x00000000e244c668,0x00000000e4600000)
  to   space 43520K, 0% used [0x00000000df100000,0x00000000df100000,0x00000000e1b80000)
 ParOldGen       total 98304K, used 94308K [0x0000000080000000, 0x0000000086000000, 0x00000000d5580000)
  object space 98304K, 95% used [0x0000000080000000,0x0000000085c192d8,0x0000000086000000)
 Metaspace       used 84484K, capacity 88872K, committed 88984K, reserved 1126400K
  class space    used 11344K, capacity 12188K, committed 12208K, reserved 1048576K
Event: 715.314 GC heap after
Heap after GC invocations=24 (full 4):
 PSYoungGen      total 199168K, used 0K [0x00000000d5580000, 0x00000000e4600000, 0x0000000100000000)
  eden space 159232K, 0% used [0x00000000d5580000,0x00000000d5580000,0x00000000df100000)
  from space 39936K, 0% used [0x00000000e1f00000,0x00000000e1f00000,0x00000000e4600000)
  to   space 43520K, 0% used [0x00000000df100000,0x00000000df100000,0x00000000e1b80000)
 ParOldGen       total 154624K, used 50047K [0x0000000080000000, 0x0000000089700000, 0x00000000d5580000)
  object space 154624K, 32% used [0x0000000080000000,0x00000000830dfde0,0x0000000089700000)
 Metaspace       used 84434K, capacity 88726K, committed 88984K, reserved 1126400K
  class space    used 11328K, capacity 12161K, committed 12208K, reserved 1048576K
}
Event: 745.350 GC heap before
{Heap before GC invocations=25 (full 4):
 PSYoungGen      total 199168K, used 159232K [0x00000000d5580000, 0x00000000e4600000, 0x0000000100000000)
  eden space 159232K, 100% used [0x00000000d5580000,0x00000000df100000,0x00000000df100000)
  from space 39936K, 0% used [0x00000000e1f00000,0x00000000e1f00000,0x00000000e4600000)
  to   space 43520K, 0% used [0x00000000df100000,0x00000000df100000,0x00000000e1b80000)
 ParOldGen       total 154624K, used 50047K [0x0000000080000000, 0x0000000089700000, 0x00000000d5580000)
  object space 154624K, 32% used [0x0000000080000000,0x00000000830dfde0,0x0000000089700000)
 Metaspace       used 84874K, capacity 89248K, committed 89496K, reserved 1126400K
  class space    used 11339K, capacity 12178K, committed 12208K, reserved 1048576K
Event: 746.131 GC heap after
Heap after GC invocations=25 (full 4):
 PSYoungGen      total 202752K, used 24185K [0x00000000d5580000, 0x00000000e5a00000, 0x0000000100000000)
  eden space 159232K, 0% used [0x00000000d5580000,0x00000000d5580000,0x00000000df100000)
  from space 43520K, 55% used [0x00000000df100000,0x00000000e089e6f0,0x00000000e1b80000)
  to   space 44544K, 0% used [0x00000000e2e80000,0x00000000e2e80000,0x00000000e5a00000)
 ParOldGen       total 154624K, used 50055K [0x0000000080000000, 0x0000000089700000, 0x00000000d5580000)
  object space 154624K, 32% used [0x0000000080000000,0x00000000830e1de0,0x0000000089700000)
 Metaspace       used 84874K, capacity 89248K, committed 89496K, reserved 1126400K
  class space    used 11339K, capacity 12178K, committed 12208K, reserved 1048576K
}

Deoptimization events (10 events):
Event: 729.404 Thread 0x000000001f4f4000 Uncommon trap: reason=unstable_if action=reinterpret pc=0x0000000005258a68 method=com.google.common.util.concurrent.AbstractFuture.get()Ljava/lang/Object; @ 84
Event: 731.644 Thread 0x000000001f4ed800 Uncommon trap: reason=unstable_if action=reinterpret pc=0x00000000033ec80c method=com.google.common.cache.LongAdder.add(J)V @ 24
Event: 740.790 Thread 0x000000001f4e6800 Uncommon trap: reason=array_check action=maybe_recompile pc=0x000000000523fcac method=java.util.TimSort.binarySort([Ljava/lang/Object;IIILjava/util/Comparator;)V @ 183
Event: 740.815 Thread 0x000000001f4e6800 Uncommon trap: reason=unstable_if action=reinterpret pc=0x0000000003f4be54 method=java.lang.AbstractStringBuilder.append(I)Ljava/lang/AbstractStringBuilder; @ 16
Event: 740.963 Thread 0x000000001f0a4800 Uncommon trap: reason=array_check action=maybe_recompile pc=0x000000000523fcac method=java.util.TimSort.binarySort([Ljava/lang/Object;IIILjava/util/Comparator;)V @ 183
Event: 742.032 Thread 0x000000001f0a4800 Uncommon trap: reason=unstable_if action=reinterpret pc=0x00000000034b9474 method=java.util.stream.SpinedBuffer.clear()V @ 64
Event: 744.720 Thread 0x000000001f0a4800 Uncommon trap: reason=unstable_if action=reinterpret pc=0x0000000004bdf558 method=java.lang.Long.parseLong(Ljava/lang/String;I)J @ 124
Event: 747.059 Thread 0x000000001f0a6800 Uncommon trap: reason=unstable_if action=reinterpret pc=0x000000000494659c method=java.util.concurrent.atomic.AtomicBoolean.compareAndSet(ZZ)Z @ 1
Event: 747.290 Thread 0x000000001f0a4800 Uncommon trap: reason=null_check action=make_not_entrant pc=0x00000000053a1a70 method=com.android.tools.r8.q.a.b.h.b(Ljava/lang/Object;)V @ 71
Event: 748.364 Thread 0x000000001f0a7800 Uncommon trap: reason=unstable_if action=reinterpret pc=0x00000000050948a8 method=com.android.tools.r8.dex.r.c()Lcom/android/tools/r8/dex/r$a; @ 810

Classes redefined (0 events):
No events

Internal exceptions (10 events):
Event: 737.315 Thread 0x000000001f4e6800 Exception <a 'sun/nio/fs/WindowsException'> (0x00000000dabc77e0) thrown at [C:\src\AOSP-openjdk-git\hotspot\src\share\vm\prims\jni.cpp, line 710]
Event: 737.315 Thread 0x000000001f4e6800 Exception <a 'sun/nio/fs/WindowsException'> (0x00000000dabc9048) thrown at [C:\src\AOSP-openjdk-git\hotspot\src\share\vm\prims\jni.cpp, line 710]
Event: 737.316 Thread 0x000000001f4e6800 Exception <a 'sun/nio/fs/WindowsException'> (0x00000000dabcd8b8) thrown at [C:\src\AOSP-openjdk-git\hotspot\src\share\vm\prims\jni.cpp, line 710]
Event: 737.316 Thread 0x000000001f4e6800 Exception <a 'sun/nio/fs/WindowsException'> (0x00000000dabcf160) thrown at [C:\src\AOSP-openjdk-git\hotspot\src\share\vm\prims\jni.cpp, line 710]
Event: 737.316 Thread 0x000000001f4e6800 Exception <a 'sun/nio/fs/WindowsException'> (0x00000000dabd1ba8) thrown at [C:\src\AOSP-openjdk-git\hotspot\src\share\vm\prims\jni.cpp, line 710]
Event: 737.316 Thread 0x000000001f4e6800 Exception <a 'sun/nio/fs/WindowsException'> (0x00000000dabd3460) thrown at [C:\src\AOSP-openjdk-git\hotspot\src\share\vm\prims\jni.cpp, line 710]
Event: 738.501 Thread 0x000000001f4e6800 Exception <a 'sun/nio/fs/WindowsException'> (0x00000000db3e3730) thrown at [C:\src\AOSP-openjdk-git\hotspot\src\share\vm\prims\jni.cpp, line 710]
Event: 738.502 Thread 0x000000001f4e6800 Exception <a 'sun/nio/fs/WindowsException'> (0x00000000db3e4fc8) thrown at [C:\src\AOSP-openjdk-git\hotspot\src\share\vm\prims\jni.cpp, line 710]
Event: 743.228 Thread 0x000000001f0a4800 Exception <a 'sun/nio/fs/WindowsException'> (0x00000000dd4764a0) thrown at [C:\src\AOSP-openjdk-git\hotspot\src\share\vm\prims\jni.cpp, line 710]
Event: 748.747 Thread 0x000000001f0a7800 Exception <a 'sun/nio/fs/WindowsException'> (0x00000000de901030) thrown at [C:\src\AOSP-openjdk-git\hotspot\src\share\vm\prims\jni.cpp, line 710]

Events (10 events):
Event: 748.788 Thread 0x000000001f0a6800 Thread exited: 0x000000001f0a6800
Event: 748.788 Thread 0x000000001f0a7800 Thread exited: 0x000000001f0a7800
Event: 748.788 Executing VM operation: RevokeBias
Event: 748.791 Executing VM operation: RevokeBias done
Event: 748.792 Executing VM operation: RevokeBias
Event: 748.792 Executing VM operation: RevokeBias done
Event: 748.792 Thread 0x000000001f0a6000 Thread exited: 0x000000001f0a6000
Event: 748.792 Thread 0x000000001f0a8000 Thread exited: 0x000000001f0a8000
Event: 748.868 Thread 0x0000000017b3c800 flushing nmethod 0x0000000003139f10
Event: 748.923 Thread 0x0000000017b3c800 flushing nmethod 0x00000000031a7790


Dynamic libraries:
0x00007ff7c7000000 - 0x00007ff7c7031000 	C:\Program Files\Android\Android Studio\jre\bin\java.exe
0x00007ffbe6d00000 - 0x00007ffbe6eed000 	C:\Windows\SYSTEM32\ntdll.dll
0x00007ffbe5d10000 - 0x00007ffbe5dc3000 	C:\Windows\System32\KERNEL32.DLL
0x00007ffbe3530000 - 0x00007ffbe37c5000 	C:\Windows\System32\KERNELBASE.dll
0x00007ffbe5c00000 - 0x00007ffbe5ca3000 	C:\Windows\System32\ADVAPI32.dll
0x00007ffbe5700000 - 0x00007ffbe579e000 	C:\Windows\System32\msvcrt.dll
0x00007ffbe6260000 - 0x00007ffbe62fe000 	C:\Windows\System32\sechost.dll
0x00007ffbe3f20000 - 0x00007ffbe4042000 	C:\Windows\System32\RPCRT4.dll
0x00007ffbe5f30000 - 0x00007ffbe60c7000 	C:\Windows\System32\USER32.dll
0x00007ffbe2dc0000 - 0x00007ffbe2de0000 	C:\Windows\System32\win32u.dll
0x00007ffbe56d0000 - 0x00007ffbe56f9000 	C:\Windows\System32\GDI32.dll
0x00007ffbe3ad0000 - 0x00007ffbe3c69000 	C:\Windows\System32\gdi32full.dll
0x00007ffbe37d0000 - 0x00007ffbe3870000 	C:\Windows\System32\msvcp_win.dll
0x00007ffbe3da0000 - 0x00007ffbe3e9a000 	C:\Windows\System32\ucrtbase.dll
0x00007ffbd6dc0000 - 0x00007ffbd7039000 	C:\Windows\WinSxS\amd64_microsoft.windows.common-controls_6595b64144ccf1df_6.0.17763.1217_none_de6e4304534e0ad3\COMCTL32.dll
0x00007ffbe57b0000 - 0x00007ffbe5adc000 	C:\Windows\System32\combase.dll
0x00007ffbe3870000 - 0x00007ffbe38ee000 	C:\Windows\System32\bcryptPrimitives.dll
0x00007ffbe40e0000 - 0x00007ffbe410e000 	C:\Windows\System32\IMM32.DLL
0x00000000550d0000 - 0x00000000551a2000 	C:\Program Files\Android\Android Studio\jre\jre\bin\msvcr100.dll
0x0000000055c20000 - 0x000000005646b000 	C:\Program Files\Android\Android Studio\jre\jre\bin\server\jvm.dll
0x00007ffbe65c0000 - 0x00007ffbe65c8000 	C:\Windows\System32\PSAPI.DLL
0x00007ffbd4190000 - 0x00007ffbd419a000 	C:\Windows\SYSTEM32\VERSION.dll
0x00007ffbe05f0000 - 0x00007ffbe0614000 	C:\Windows\SYSTEM32\WINMM.dll
0x00007ffbe0760000 - 0x00007ffbe0769000 	C:\Windows\SYSTEM32\WSOCK32.dll
0x00007ffbe5b90000 - 0x00007ffbe5bfd000 	C:\Windows\System32\WS2_32.dll
0x00007ffbe05c0000 - 0x00007ffbe05ed000 	C:\Windows\SYSTEM32\WINMMBASE.dll
0x00007ffbe3d20000 - 0x00007ffbe3d6a000 	C:\Windows\System32\cfgmgr32.dll
0x00007ffbdf5e0000 - 0x00007ffbdf5ef000 	C:\Program Files\Android\Android Studio\jre\jre\bin\verify.dll
0x00007ffbdd5a0000 - 0x00007ffbdd5c9000 	C:\Program Files\Android\Android Studio\jre\jre\bin\java.dll
0x00007ffbde700000 - 0x00007ffbde716000 	C:\Program Files\Android\Android Studio\jre\jre\bin\zip.dll
0x00007ffbe4170000 - 0x00007ffbe5664000 	C:\Windows\System32\SHELL32.dll
0x00007ffbe5ae0000 - 0x00007ffbe5b88000 	C:\Windows\System32\shcore.dll
0x00007ffbe2de0000 - 0x00007ffbe352e000 	C:\Windows\System32\windows.storage.dll
0x00007ffbe2d90000 - 0x00007ffbe2db4000 	C:\Windows\System32\profapi.dll
0x00007ffbe2cf0000 - 0x00007ffbe2d4d000 	C:\Windows\System32\powrprof.dll
0x00007ffbe60d0000 - 0x00007ffbe6122000 	C:\Windows\System32\shlwapi.dll
0x00007ffbe2d70000 - 0x00007ffbe2d81000 	C:\Windows\System32\kernel.appcore.dll
0x00007ffbe3ea0000 - 0x00007ffbe3eb7000 	C:\Windows\System32\cryptsp.dll
0x00007ffbddc50000 - 0x00007ffbddc6a000 	C:\Program Files\Android\Android Studio\jre\jre\bin\net.dll
0x00007ffbe2180000 - 0x00007ffbe21e7000 	C:\Windows\system32\mswsock.dll
0x00007ffbdd4d0000 - 0x00007ffbdd4e3000 	C:\Program Files\Android\Android Studio\jre\jre\bin\nio.dll
0x00007ffbb9de0000 - 0x00007ffbb9e07000 	C:\Users\Home\.gradle\native\f6784746aeab05261644944871eae4fe03e0ef1612fff0a4a95f87b438bc6780\windows-amd64\native-platform.dll
0x00007ffbdf290000 - 0x00007ffbdf29d000 	C:\Program Files\Android\Android Studio\jre\jre\bin\management.dll
0x00007ffbe1d00000 - 0x00007ffbe1d33000 	C:\Windows\system32\rsaenh.dll
0x00007ffbe3d70000 - 0x00007ffbe3d96000 	C:\Windows\System32\bcrypt.dll
0x00007ffbe2bf0000 - 0x00007ffbe2c18000 	C:\Windows\SYSTEM32\USERENV.dll
0x00007ffbe2350000 - 0x00007ffbe235c000 	C:\Windows\SYSTEM32\CRYPTBASE.dll
0x00007ffbe1ea0000 - 0x00007ffbe1edd000 	C:\Windows\SYSTEM32\IPHLPAPI.DLL
0x00007ffbe57a0000 - 0x00007ffbe57a8000 	C:\Windows\System32\NSI.dll
0x00007ffbd86e0000 - 0x00007ffbd86f6000 	C:\Windows\SYSTEM32\dhcpcsvc6.DLL
0x00007ffbd8f40000 - 0x00007ffbd8f5c000 	C:\Windows\SYSTEM32\dhcpcsvc.DLL
0x00007ffbe1ee0000 - 0x00007ffbe1fa7000 	C:\Windows\SYSTEM32\DNSAPI.dll
0x00007ffbd8fd0000 - 0x00007ffbd8fdb000 	C:\Windows\SYSTEM32\WINNSI.DLL

VM Arguments:
jvm_args: -Xmx2048m -Dfile.encoding=UTF-8 -Duser.country=IN -Duser.language=en -Duser.variant 
java_command: org.gradle.launcher.daemon.bootstrap.GradleDaemon 6.5
java_class_path (initial): C:\Users\Home\.gradle\wrapper\dists\gradle-6.5-bin\6nifqtx7604sqp1q6g8wikw7p\gradle-6.5\lib\gradle-launcher-6.5.jar
Launcher Type: SUN_STANDARD

Environment Variables:
JAVA_HOME=C:\Program Files\Java\jdk-14
PATH=C:\Program Files (x86)\Common Files\Oracle\Java\javapath;C:\ProgramData\Anaconda3;C:\ProgramData\Anaconda3\Library\mingw-w64\bin;C:\ProgramData\Anaconda3\Library\bin;C:\ProgramData\Anaconda3\Scripts;C:\Windows\system32;C:\Windows;C:\Windows\System32\Wbem;C:\Windows\System32\WindowsPowerShell\v1.0\;C:\Windows\System32\OpenSSH\;C:\Program Files\Java\jdk-14\bin;C:\Program Files\Git\cmd;C:\Users\Home\AppData\Local\Programs\Python\Python37-32\Scripts\;C:\Users\Home\AppData\Local\Programs\Python\Python37-32\;C:\Users\Home\AppData\Local\Microsoft\WindowsApps;
USERNAME=Home
OS=Windows_NT
PROCESSOR_IDENTIFIER=Intel64 Family 6 Model 69 Stepping 1, GenuineIntel



---------------  S Y S T E M  ---------------

OS: Windows 10.0 , 64 bit Build 17763 (10.0.17763.1158)

CPU:total 4 (initial active 4) (2 cores per cpu, 2 threads per core) family 6 model 69 stepping 1, cmov, cx8, fxsr, mmx, sse, sse2, sse3, ssse3, sse4.1, sse4.2, popcnt, avx, avx2, aes, clmul, erms, lzcnt, ht, tsc, tscinvbit, bmi1, bmi2

Memory: 4k page, physical 4129068k(297776k free), swap 6226220k(7084k free)

vm_info: OpenJDK 64-Bit Server VM (25.242-b01) for windows-amd64 JRE (1.8.0_242-release-1644-b01), built by "builder" with MS VC++ 10.0 (VS2010)

time: Thu Dec 03 14:28:27 2020
timezone: India Standard Time
elapsed time: 749 seconds (0d 0h 12m 29s)

